#
# There is insufficient memory for the Java Runtime Environment to continue.
# Native memory allocation (mmap) failed to map 65536 bytes for Failed to commit metaspace.
# Possible reasons:
#   The system is out of physical RAM or swap space
#   The process is running with CompressedOops enabled, and the Java Heap may be blocking the growth of the native heap
# Possible solutions:
#   Reduce memory load on the system
#   Increase physical memory or swap space
#   Check if swap backing store is full
#   Decrease Java heap size (-Xmx/-Xms)
#   Decrease number of Java threads
#   Decrease Java thread stack sizes (-Xss)
#   Set larger code cache with -XX:ReservedCodeCacheSize=
#   JVM is running with Unscaled Compressed Oops mode in which the Java heap is
#     placed in the first 4GB address space. The Java Heap base address is the
#     maximum limit for the native heap growth. Please use -XX:HeapBaseMinAddress
#     to set the Java Heap base and to place the Java Heap above 4GB virtual address.
# This output file may be truncated or incomplete.
#
#  Out of Memory Error (virtualSpaceNode.cpp:110), pid=2436, tid=6188
#
# JRE version: OpenJDK Runtime Environment Temurin-17.0.10+7 (17.0.10+7) (build 17.0.10+7)
# Java VM: OpenJDK 64-Bit Server VM Temurin-17.0.10+7 (17.0.10+7, mixed mode, emulated-client, tiered, compressed oops, compressed class ptrs, g1 gc, windows-amd64)
# No core dump will be written. Minidumps are not enabled by default on client versions of Windows
#

---------------  S U M M A R Y ------------

Command Line: -XX:+HeapDumpOnOutOfMemoryError -Xmx1024m -Dsts.lsp.client=vscode -Dsts.log.file=/dev/null -XX:TieredStopAtLevel=1 -Xlog:jni+resolve=off -Dspring.config.location=file:c:\Users\eyabo\.vscode\extensions\vmware.vscode-spring-boot-1.53.0\language-server\BOOT-INF\classes\application.properties org.springframework.ide.vscode.boot.app.BootLanguageServerBootApp

Host: Intel(R) Core(TM) i3-5005U CPU @ 2.00GHz, 4 cores, 3G,  Windows 10 , 64 bit Build 19041 (10.0.19041.3636)
Time: Sat Apr  6 02:24:03 2024 Afr. centrale Ouest elapsed time: 5.943120 seconds (0d 0h 0m 5s)

---------------  T H R E A D  ---------------

Current thread (0x0000018f9b5cb590):  JavaThread "main" [_thread_in_vm, id=6188, stack(0x000000443b400000,0x000000443b500000)]

Stack: [0x000000443b400000,0x000000443b500000]
Native frames: (J=compiled Java code, j=interpreted, Vv=VM code, C=native code)
V  [jvm.dll+0x67d2c9]
V  [jvm.dll+0x834afa]
V  [jvm.dll+0x8365be]
V  [jvm.dll+0x836c23]
V  [jvm.dll+0x2477ff]
V  [jvm.dll+0x8307bb]
V  [jvm.dll+0x621d16]
V  [jvm.dll+0x1c183e]
V  [jvm.dll+0x624671]
V  [jvm.dll+0x6226b6]
V  [jvm.dll+0x24516c]
V  [jvm.dll+0x6d413d]
V  [jvm.dll+0x6d4b7f]
V  [jvm.dll+0x373644]
V  [jvm.dll+0x3726c4]
V  [jvm.dll+0x372668]
V  [jvm.dll+0x562e0f]
V  [jvm.dll+0x562eb8]
V  [jvm.dll+0x38621b]
V  [jvm.dll+0x385cd2]
C  0x0000018f9e277a5f

The last pc belongs to getstatic (printed below).
Java frames: (J=compiled Java code, j=interpreted, Vv=VM code)
j  org.springframework.boot.context.config.ConfigData$PropertySourceOptions.<clinit>()V+4
v  ~StubRoutines::call_stub
j  org.springframework.boot.context.config.StandardConfigDataLoader.<clinit>()V+10
v  ~StubRoutines::call_stub
j  jdk.internal.reflect.NativeConstructorAccessorImpl.newInstance0(Ljava/lang/reflect/Constructor;[Ljava/lang/Object;)Ljava/lang/Object;+0 java.base@17.0.10
j  jdk.internal.reflect.NativeConstructorAccessorImpl.newInstance([Ljava/lang/Object;)Ljava/lang/Object;+118 java.base@17.0.10
j  jdk.internal.reflect.DelegatingConstructorAccessorImpl.newInstance([Ljava/lang/Object;)Ljava/lang/Object;+5 java.base@17.0.10
j  java.lang.reflect.Constructor.newInstanceWithCaller([Ljava/lang/Object;ZLjava/lang/Class;)Ljava/lang/Object;+66 java.base@17.0.10
j  java.lang.reflect.Constructor.newInstance([Ljava/lang/Object;)Ljava/lang/Object;+30 java.base@17.0.10
j  org.springframework.core.io.support.SpringFactoriesLoader$FactoryInstantiator.instantiate(Lorg/springframework/core/io/support/SpringFactoriesLoader$ArgumentResolver;)Ljava/lang/Object;+33
j  org.springframework.core.io.support.SpringFactoriesLoader.instantiateFactory(Ljava/lang/String;Ljava/lang/Class;Lorg/springframework/core/io/support/SpringFactoriesLoader$ArgumentResolver;Lorg/springframework/core/io/support/SpringFactoriesLoader$FailureHandler;)Ljava/lang/Object;+36
j  org.springframework.core.io.support.SpringFactoriesLoader.load(Ljava/lang/Class;Lorg/springframework/core/io/support/SpringFactoriesLoader$ArgumentResolver;Lorg/springframework/core/io/support/SpringFactoriesLoader$FailureHandler;)Ljava/util/List;+99
j  org.springframework.core.io.support.SpringFactoriesLoader.load(Ljava/lang/Class;Lorg/springframework/core/io/support/SpringFactoriesLoader$ArgumentResolver;)Ljava/util/List;+4
j  org.springframework.boot.context.config.ConfigDataLoaders.<init>(Lorg/springframework/boot/logging/DeferredLogFactory;Lorg/springframework/boot/ConfigurableBootstrapContext;Lorg/springframework/core/io/support/SpringFactoriesLoader;)V+84
j  org.springframework.boot.context.config.ConfigDataEnvironment.<init>(Lorg/springframework/boot/logging/DeferredLogFactory;Lorg/springframework/boot/ConfigurableBootstrapContext;Lorg/springframework/core/env/ConfigurableEnvironment;Lorg/springframework/core/io/ResourceLoader;Ljava/util/Collection;Lorg/springframework/boot/context/config/ConfigDataEnvironmentUpdateListener;)V+115
j  org.springframework.boot.context.config.ConfigDataEnvironmentPostProcessor.getConfigDataEnvironment(Lorg/springframework/core/env/ConfigurableEnvironment;Lorg/springframework/core/io/ResourceLoader;Ljava/util/Collection;)Lorg/springframework/boot/context/config/ConfigDataEnvironment;+19
j  org.springframework.boot.context.config.ConfigDataEnvironmentPostProcessor.postProcessEnvironment(Lorg/springframework/core/env/ConfigurableEnvironment;Lorg/springframework/core/io/ResourceLoader;Ljava/util/Collection;)V+31
j  org.springframework.boot.context.config.ConfigDataEnvironmentPostProcessor.postProcessEnvironment(Lorg/springframework/core/env/ConfigurableEnvironment;Lorg/springframework/boot/SpringApplication;)V+10
j  org.springframework.boot.env.EnvironmentPostProcessorApplicationListener.onApplicationEnvironmentPreparedEvent(Lorg/springframework/boot/context/event/ApplicationEnvironmentPreparedEvent;)V+55
j  org.springframework.boot.env.EnvironmentPostProcessorApplicationListener.onApplicationEvent(Lorg/springframework/context/ApplicationEvent;)V+14
j  org.springframework.context.event.SimpleApplicationEventMulticaster.doInvokeListener(Lorg/springframework/context/ApplicationListener;Lorg/springframework/context/ApplicationEvent;)V+2
j  org.springframework.context.event.SimpleApplicationEventMulticaster.invokeListener(Lorg/springframework/context/ApplicationListener;Lorg/springframework/context/ApplicationEvent;)V+34
j  org.springframework.context.event.SimpleApplicationEventMulticaster.multicastEvent(Lorg/springframework/context/ApplicationEvent;Lorg/springframework/core/ResolvableType;)V+104
j  org.springframework.context.event.SimpleApplicationEventMulticaster.multicastEvent(Lorg/springframework/context/ApplicationEvent;)V+3
j  org.springframework.boot.context.event.EventPublishingRunListener.multicastInitialEvent(Lorg/springframework/context/ApplicationEvent;)V+9
j  org.springframework.boot.context.event.EventPublishingRunListener.environmentPrepared(Lorg/springframework/boot/ConfigurableBootstrapContext;Lorg/springframework/core/env/ConfigurableEnvironment;)V+18
j  org.springframework.boot.SpringApplicationRunListeners.lambda$environmentPrepared$2(Lorg/springframework/boot/ConfigurableBootstrapContext;Lorg/springframework/core/env/ConfigurableEnvironment;Lorg/springframework/boot/SpringApplicationRunListener;)V+3
j  org.springframework.boot.SpringApplicationRunListeners$$Lambda$169+0x00000001001b6000.accept(Ljava/lang/Object;)V+12
j  java.lang.Iterable.forEach(Ljava/util/function/Consumer;)V+30 java.base@17.0.10
j  org.springframework.boot.SpringApplicationRunListeners.doWithListeners(Ljava/lang/String;Ljava/util/function/Consumer;Ljava/util/function/Consumer;)V+17
j  org.springframework.boot.SpringApplicationRunListeners.doWithListeners(Ljava/lang/String;Ljava/util/function/Consumer;)V+4
j  org.springframework.boot.SpringApplicationRunListeners.environmentPrepared(Lorg/springframework/boot/ConfigurableBootstrapContext;Lorg/springframework/core/env/ConfigurableEnvironment;)V+10
j  org.springframework.boot.SpringApplication.prepareEnvironment(Lorg/springframework/boot/SpringApplicationRunListeners;Lorg/springframework/boot/DefaultBootstrapContext;Lorg/springframework/boot/ApplicationArguments;)Lorg/springframework/core/env/ConfigurableEnvironment;+27
j  org.springframework.boot.SpringApplication.run([Ljava/lang/String;)Lorg/springframework/context/ConfigurableApplicationContext;+62
j  org.springframework.boot.SpringApplication.run([Ljava/lang/Class;[Ljava/lang/String;)Lorg/springframework/context/ConfigurableApplicationContext;+9
j  org.springframework.boot.SpringApplication.run(Ljava/lang/Class;[Ljava/lang/String;)Lorg/springframework/context/ConfigurableApplicationContext;+9
j  org.springframework.ide.vscode.boot.app.BootLanguageServerBootApp.main([Ljava/lang/String;)V+19
v  ~StubRoutines::call_stub
getstatic  178 getstatic  [0x0000018f9e2779c0, 0x0000018f9e277bc0]  512 bytes
[MachCode]
  0x0000018f9e2779c0: 4883 ec08 | c5fa 1104 | 24eb 1f48 | 83ec 10c5 | fb11 0424 | eb14 4883 | ec10 4889 | 0424 48c7 
  0x0000018f9e2779e0: 4424 0800 | 0000 00eb | 0150 410f | b755 0148 | 8b4d d0c1 | e202 8b5c | d120 c1eb | 1081 e3ff 
  0x0000018f9e277a00: 0000 0081 | fbb2 0000 | 000f 84b6 | 0000 00bb | b200 0000 | e805 0000 | 00e9 9b00 | 0000 488b 
  0x0000018f9e277a20: d348 8d44 | 2408 4c89 | 6dc0 498b | cfc5 f877 | 4989 afa8 | 0200 0049 | 8987 9802 | 0000 4883 
  0x0000018f9e277a40: ec20 f7c4 | 0f00 0000 | 0f84 1a00 | 0000 4883 | ec08 49ba | 705c dd73 | fd7f 0000 | 41ff d248 
  0x0000018f9e277a60: 83c4 08e9 | 0d00 0000 | 49ba 705c | dd73 fd7f | 0000 41ff | d248 83c4 | 2049 c787 | 9802 0000 
  0x0000018f9e277a80: 0000 0000 | 49c7 87a8 | 0200 0000 | 0000 0049 | c787 a002 | 0000 0000 | 0000 c5f8 | 7749 817f 
  0x0000018f9e277aa0: 0800 0000 | 000f 8405 | 0000 00e9 | 5094 feff | 4c8b 6dc0 | 4c8b 75c8 | c341 0fb7 | 5501 488b 
  0x0000018f9e277ac0: 4dd0 c1e2 | 0248 8b5c | d130 8b44 | d138 4c8b | 4cd1 284d | 8b49 704d | 8b09 c1e8 | 1c83 e00f 
  0x0000018f9e277ae0: 0f85 0b00 | 0000 410f | be04 1950 | e9b1 0000 | 0083 f801 | 0f85 0b00 | 0000 410f | b604 1950 
  0x0000018f9e277b00: e99d 0000 | 0083 f808 | 0f85 0a00 | 0000 418b | 0419 50e9 | 8a00 0000 | 83f8 040f | 850a 0000 
  0x0000018f9e277b20: 0041 8b04 | 1950 e977 | 0000 0083 | f802 0f85 | 0b00 0000 | 410f b704 | 1950 e963 | 0000 0083 
  0x0000018f9e277b40: f803 0f85 | 0b00 0000 | 410f bf04 | 1950 e94f | 0000 0083 | f805 0f85 | 1a00 0000 | 498b 0419 
  0x0000018f9e277b60: 4883 ec10 | 4889 0424 | 48c7 4424 | 0800 0000 | 00e9 2c00 | 0000 83f8 | 060f 8514 | 0000 00c4 
  0x0000018f9e277b80: c17a 1004 | 1948 83ec | 08c5 fa11 | 0424 e90f | 0000 00c4 | c17b 1004 | 1948 83ec | 10c5 fb11 
  0x0000018f9e277ba0: 0424 410f | b65d 0349 | 83c5 0349 | ba90 a95f | 74fd 7f00 | 0041 ff24 | da0f 1f80 | 0000 0000 
[/MachCode]

---------------  P R O C E S S  ---------------

Threads class SMR info:
_java_thread_list=0x0000018f9b6799b0, length=11, elements={
0x0000018f9b5cb590, 0x0000018fa5b06740, 0x0000018fa5b075c0, 0x0000018fa5b35a40,
0x0000018fa5b36600, 0x0000018fa5b390d0, 0x0000018fa5b39a90, 0x0000018fa5b3b370,
0x0000018fa5b776e0, 0x0000018faa1bbe90, 0x0000018faa1c41e0
}

Java Threads: ( => current thread )
=>0x0000018f9b5cb590 JavaThread "main" [_thread_in_vm, id=6188, stack(0x000000443b400000,0x000000443b500000)]
  0x0000018fa5b06740 JavaThread "Reference Handler" daemon [_thread_blocked, id=12260, stack(0x000000443bb00000,0x000000443bc00000)]
  0x0000018fa5b075c0 JavaThread "Finalizer" daemon [_thread_blocked, id=9648, stack(0x000000443bc00000,0x000000443bd00000)]
  0x0000018fa5b35a40 JavaThread "Signal Dispatcher" daemon [_thread_blocked, id=6900, stack(0x000000443bd00000,0x000000443be00000)]
  0x0000018fa5b36600 JavaThread "Attach Listener" daemon [_thread_blocked, id=9268, stack(0x000000443be00000,0x000000443bf00000)]
  0x0000018fa5b390d0 JavaThread "Service Thread" daemon [_thread_blocked, id=6108, stack(0x000000443bf00000,0x000000443c000000)]
  0x0000018fa5b39a90 JavaThread "Monitor Deflation Thread" daemon [_thread_blocked, id=10876, stack(0x000000443c000000,0x000000443c100000)]
  0x0000018fa5b3b370 JavaThread "C1 CompilerThread0" daemon [_thread_blocked, id=8764, stack(0x000000443c100000,0x000000443c200000)]
  0x0000018fa5b776e0 JavaThread "Sweeper thread" daemon [_thread_blocked, id=2736, stack(0x000000443c200000,0x000000443c300000)]
  0x0000018faa1bbe90 JavaThread "Notification Thread" daemon [_thread_blocked, id=11680, stack(0x000000443c300000,0x000000443c400000)]
  0x0000018faa1c41e0 JavaThread "Common-Cleaner" daemon [_thread_blocked, id=1908, stack(0x000000443c500000,0x000000443c600000)]

Other Threads:
  0x0000018f9b67e770 VMThread "VM Thread" [stack: 0x000000443ba00000,0x000000443bb00000] [id=12228]
  0x0000018faa1bc370 WatcherThread [stack: 0x000000443c400000,0x000000443c500000] [id=13656]
  0x0000018f9b608b00 GCTaskThread "GC Thread#0" [stack: 0x000000443b500000,0x000000443b600000] [id=13344]
  0x0000018faa3fecd0 GCTaskThread "GC Thread#1" [stack: 0x000000443c600000,0x000000443c700000] [id=14876]
  0x0000018faa8a7f40 GCTaskThread "GC Thread#2" [stack: 0x000000443c700000,0x000000443c800000] [id=5860]
  0x0000018faac77060 GCTaskThread "GC Thread#3" [stack: 0x000000443c800000,0x000000443c900000] [id=13116]
  0x0000018f9b611a50 ConcurrentGCThread "G1 Main Marker" [stack: 0x000000443b600000,0x000000443b700000] [id=15340]
  0x0000018f9b612470 ConcurrentGCThread "G1 Conc#0" [stack: 0x000000443b700000,0x000000443b800000] [id=13880]
  0x0000018f9b64e0a0 ConcurrentGCThread "G1 Refine#0" [stack: 0x000000443b800000,0x000000443b900000] [id=4028]
  0x0000018f9b64ead0 ConcurrentGCThread "G1 Service" [stack: 0x000000443b900000,0x000000443ba00000] [id=8400]

Threads with active compile tasks:

VM state: not at safepoint (normal execution)

VM Mutex/Monitor currently owned by a thread:  ([mutex/lock_event])
[0x0000018f993ff440] Metaspace_lock - owner thread: 0x0000018f9b5cb590

Heap address: 0x00000000c0000000, size: 1024 MB, Compressed Oops mode: 32-bit

CDS archive(s) not mapped
Compressed class space mapped at: 0x0000000100000000-0x0000000140000000, reserved size: 1073741824
Narrow klass base: 0x0000000000000000, Narrow klass shift: 3, Narrow klass range: 0x140000000

GC Precious Log:
 CPUs: 4 total, 4 available
 Memory: 3514M
 Large Page Support: Disabled
 NUMA Support: Disabled
 Compressed Oops: Enabled (32-bit)
 Heap Region Size: 1M
 Heap Min Capacity: 8M
 Heap Initial Capacity: 56M
 Heap Max Capacity: 1G
 Pre-touch: Disabled
 Parallel Workers: 4
 Concurrent Workers: 1
 Concurrent Refinement Workers: 4
 Periodic GC: Disabled

Heap:
 garbage-first heap   total 57344K, used 30007K [0x00000000c0000000, 0x0000000100000000)
  region size 1024K, 15 young (15360K), 1 survivors (1024K)
 Metaspace       used 14344K, committed 14528K, reserved 1114112K
  class space    used 1799K, committed 1920K, reserved 1048576K

Heap Regions: E=young(eden), S=young(survivor), O=old, HS=humongous(starts), HC=humongous(continues), CS=collection set, F=free, OA=open archive, CA=closed archive, TAMS=top-at-mark-start (previous, next)
|   0|0x00000000c0000000, 0x00000000c0100000, 0x00000000c0100000|100%|HS|  |TAMS 0x00000000c0000000, 0x00000000c0000000| Complete 
|   1|0x00000000c0100000, 0x00000000c0200000, 0x00000000c0200000|100%|HC|  |TAMS 0x00000000c0100000, 0x00000000c0100000| Complete 
|   2|0x00000000c0200000, 0x00000000c0300000, 0x00000000c0300000|100%|HC|  |TAMS 0x00000000c0200000, 0x00000000c0200000| Complete 
|   3|0x00000000c0300000, 0x00000000c0400000, 0x00000000c0400000|100%|HC|  |TAMS 0x00000000c0300000, 0x00000000c0300000| Complete 
|   4|0x00000000c0400000, 0x00000000c0500000, 0x00000000c0500000|100%| O|  |TAMS 0x00000000c0400000, 0x00000000c0400000| Untracked 
|   5|0x00000000c0500000, 0x00000000c0600000, 0x00000000c0600000|100%| O|  |TAMS 0x00000000c0500000, 0x00000000c0500000| Untracked 
|   6|0x00000000c0600000, 0x00000000c0700000, 0x00000000c0700000|100%| O|  |TAMS 0x00000000c0600000, 0x00000000c0600000| Untracked 
|   7|0x00000000c0700000, 0x00000000c0800000, 0x00000000c0800000|100%| O|  |TAMS 0x00000000c0700000, 0x00000000c0700000| Untracked 
|   8|0x00000000c0800000, 0x00000000c0900000, 0x00000000c0900000|100%| O|  |TAMS 0x00000000c0800000, 0x00000000c0800000| Untracked 
|   9|0x00000000c0900000, 0x00000000c0a00000, 0x00000000c0a00000|100%| O|  |TAMS 0x00000000c0900000, 0x00000000c0900000| Untracked 
|  10|0x00000000c0a00000, 0x00000000c0b00000, 0x00000000c0b00000|100%| O|  |TAMS 0x00000000c0a00000, 0x00000000c0a00000| Untracked 
|  11|0x00000000c0b00000, 0x00000000c0c00000, 0x00000000c0c00000|100%|HS|  |TAMS 0x00000000c0b00000, 0x00000000c0b00000| Complete 
|  12|0x00000000c0c00000, 0x00000000c0d00000, 0x00000000c0d00000|100%|HC|  |TAMS 0x00000000c0c00000, 0x00000000c0c00000| Complete 
|  13|0x00000000c0d00000, 0x00000000c0e00000, 0x00000000c0e00000|100%| O|  |TAMS 0x00000000c0d00000, 0x00000000c0d00000| Untracked 
|  14|0x00000000c0e00000, 0x00000000c0f00000, 0x00000000c0f00000|100%| O|  |TAMS 0x00000000c0e00000, 0x00000000c0e00000| Untracked 
|  15|0x00000000c0f00000, 0x00000000c0f4dc00, 0x00000000c1000000| 30%| O|  |TAMS 0x00000000c0f00000, 0x00000000c0f00000| Untracked 
|  16|0x00000000c1000000, 0x00000000c1000000, 0x00000000c1100000|  0%| F|  |TAMS 0x00000000c1000000, 0x00000000c1000000| Untracked 
|  17|0x00000000c1100000, 0x00000000c1100000, 0x00000000c1200000|  0%| F|  |TAMS 0x00000000c1100000, 0x00000000c1100000| Untracked 
|  18|0x00000000c1200000, 0x00000000c1200000, 0x00000000c1300000|  0%| F|  |TAMS 0x00000000c1200000, 0x00000000c1200000| Untracked 
|  19|0x00000000c1300000, 0x00000000c1300000, 0x00000000c1400000|  0%| F|  |TAMS 0x00000000c1300000, 0x00000000c1300000| Untracked 
|  20|0x00000000c1400000, 0x00000000c1400000, 0x00000000c1500000|  0%| F|  |TAMS 0x00000000c1400000, 0x00000000c1400000| Untracked 
|  21|0x00000000c1500000, 0x00000000c1500000, 0x00000000c1600000|  0%| F|  |TAMS 0x00000000c1500000, 0x00000000c1500000| Untracked 
|  22|0x00000000c1600000, 0x00000000c1600000, 0x00000000c1700000|  0%| F|  |TAMS 0x00000000c1600000, 0x00000000c1600000| Untracked 
|  23|0x00000000c1700000, 0x00000000c1700000, 0x00000000c1800000|  0%| F|  |TAMS 0x00000000c1700000, 0x00000000c1700000| Untracked 
|  24|0x00000000c1800000, 0x00000000c1800000, 0x00000000c1900000|  0%| F|  |TAMS 0x00000000c1800000, 0x00000000c1800000| Untracked 
|  25|0x00000000c1900000, 0x00000000c1900000, 0x00000000c1a00000|  0%| F|  |TAMS 0x00000000c1900000, 0x00000000c1900000| Untracked 
|  26|0x00000000c1a00000, 0x00000000c1a00000, 0x00000000c1b00000|  0%| F|  |TAMS 0x00000000c1a00000, 0x00000000c1a00000| Untracked 
|  27|0x00000000c1b00000, 0x00000000c1b00000, 0x00000000c1c00000|  0%| F|  |TAMS 0x00000000c1b00000, 0x00000000c1b00000| Untracked 
|  28|0x00000000c1c00000, 0x00000000c1c00000, 0x00000000c1d00000|  0%| F|  |TAMS 0x00000000c1c00000, 0x00000000c1c00000| Untracked 
|  29|0x00000000c1d00000, 0x00000000c1d00000, 0x00000000c1e00000|  0%| F|  |TAMS 0x00000000c1d00000, 0x00000000c1d00000| Untracked 
|  30|0x00000000c1e00000, 0x00000000c1e00000, 0x00000000c1f00000|  0%| F|  |TAMS 0x00000000c1e00000, 0x00000000c1e00000| Untracked 
|  31|0x00000000c1f00000, 0x00000000c1f00000, 0x00000000c2000000|  0%| F|  |TAMS 0x00000000c1f00000, 0x00000000c1f00000| Untracked 
|  32|0x00000000c2000000, 0x00000000c2000000, 0x00000000c2100000|  0%| F|  |TAMS 0x00000000c2000000, 0x00000000c2000000| Untracked 
|  33|0x00000000c2100000, 0x00000000c2100000, 0x00000000c2200000|  0%| F|  |TAMS 0x00000000c2100000, 0x00000000c2100000| Untracked 
|  34|0x00000000c2200000, 0x00000000c2200000, 0x00000000c2300000|  0%| F|  |TAMS 0x00000000c2200000, 0x00000000c2200000| Untracked 
|  35|0x00000000c2300000, 0x00000000c2300000, 0x00000000c2400000|  0%| F|  |TAMS 0x00000000c2300000, 0x00000000c2300000| Untracked 
|  36|0x00000000c2400000, 0x00000000c2400000, 0x00000000c2500000|  0%| F|  |TAMS 0x00000000c2400000, 0x00000000c2400000| Untracked 
|  37|0x00000000c2500000, 0x00000000c2500000, 0x00000000c2600000|  0%| F|  |TAMS 0x00000000c2500000, 0x00000000c2500000| Untracked 
|  38|0x00000000c2600000, 0x00000000c2600000, 0x00000000c2700000|  0%| F|  |TAMS 0x00000000c2600000, 0x00000000c2600000| Untracked 
|  39|0x00000000c2700000, 0x00000000c2700000, 0x00000000c2800000|  0%| F|  |TAMS 0x00000000c2700000, 0x00000000c2700000| Untracked 
|  40|0x00000000c2800000, 0x00000000c2800000, 0x00000000c2900000|  0%| F|  |TAMS 0x00000000c2800000, 0x00000000c2800000| Untracked 
|  41|0x00000000c2900000, 0x00000000c2a00000, 0x00000000c2a00000|100%| E|  |TAMS 0x00000000c2900000, 0x00000000c2900000| Complete 
|  42|0x00000000c2a00000, 0x00000000c2b00000, 0x00000000c2b00000|100%| S|CS|TAMS 0x00000000c2a00000, 0x00000000c2a00000| Complete 
|  43|0x00000000c2b00000, 0x00000000c2c00000, 0x00000000c2c00000|100%| E|CS|TAMS 0x00000000c2b00000, 0x00000000c2b00000| Complete 
|  44|0x00000000c2c00000, 0x00000000c2d00000, 0x00000000c2d00000|100%| E|CS|TAMS 0x00000000c2c00000, 0x00000000c2c00000| Complete 
|  45|0x00000000c2d00000, 0x00000000c2e00000, 0x00000000c2e00000|100%| E|CS|TAMS 0x00000000c2d00000, 0x00000000c2d00000| Complete 
|  46|0x00000000c2e00000, 0x00000000c2f00000, 0x00000000c2f00000|100%| E|CS|TAMS 0x00000000c2e00000, 0x00000000c2e00000| Complete 
|  47|0x00000000c2f00000, 0x00000000c3000000, 0x00000000c3000000|100%| E|CS|TAMS 0x00000000c2f00000, 0x00000000c2f00000| Complete 
|  48|0x00000000c3000000, 0x00000000c3100000, 0x00000000c3100000|100%| E|CS|TAMS 0x00000000c3000000, 0x00000000c3000000| Complete 
|  49|0x00000000c3100000, 0x00000000c3200000, 0x00000000c3200000|100%| E|CS|TAMS 0x00000000c3100000, 0x00000000c3100000| Complete 
|  50|0x00000000c3200000, 0x00000000c3300000, 0x00000000c3300000|100%| E|CS|TAMS 0x00000000c3200000, 0x00000000c3200000| Complete 
|  51|0x00000000c3300000, 0x00000000c3400000, 0x00000000c3400000|100%| E|CS|TAMS 0x00000000c3300000, 0x00000000c3300000| Complete 
|  52|0x00000000c3400000, 0x00000000c3500000, 0x00000000c3500000|100%| E|CS|TAMS 0x00000000c3400000, 0x00000000c3400000| Complete 
|  53|0x00000000c3500000, 0x00000000c3600000, 0x00000000c3600000|100%| E|CS|TAMS 0x00000000c3500000, 0x00000000c3500000| Complete 
|  54|0x00000000c3600000, 0x00000000c3700000, 0x00000000c3700000|100%| E|CS|TAMS 0x00000000c3600000, 0x00000000c3600000| Complete 
|  55|0x00000000c3700000, 0x00000000c3800000, 0x00000000c3800000|100%| E|CS|TAMS 0x00000000c3700000, 0x00000000c3700000| Complete 

Card table byte_map: [0x0000018fa1260000,0x0000018fa1460000] _byte_map_base: 0x0000018fa0c60000

Marking Bits (Prev, Next): (CMBitMap*) 0x0000018f9b609120, (CMBitMap*) 0x0000018f9b609160
 Prev Bits: [0x0000018fa1660000, 0x0000018fa2660000)
 Next Bits: [0x0000018fa2660000, 0x0000018fa3660000)

Polling page: 0x0000018f99520000

Metaspace:

Usage:
  Non-class:     12.25 MB used.
      Class:      1.76 MB used.
       Both:     14.01 MB used.

Virtual space:
  Non-class space:       64.00 MB reserved,      12.31 MB ( 19%) committed,  1 nodes.
      Class space:        1.00 GB reserved,       1.88 MB ( <1%) committed,  1 nodes.
             Both:        1.06 GB reserved,      14.19 MB (  1%) committed. 

Chunk freelists:
   Non-Class:  3.55 MB
       Class:  14.17 MB
        Both:  17.72 MB

MaxMetaspaceSize: unlimited
CompressedClassSpaceSize: 1.00 GB
Initial GC threshold: 21.00 MB
Current GC threshold: 21.00 MB
CDS: off
MetaspaceReclaimPolicy: balanced
 - commit_granule_bytes: 65536.
 - commit_granule_words: 8192.
 - virtual_space_node_default_size: 8388608.
 - enlarge_chunks_in_place: 1.
 - new_chunks_are_fully_committed: 0.
 - uncommit_free_chunks: 1.
 - use_allocation_guard: 0.
 - handle_deallocations: 1.


Internal statistics:

num_allocs_failed_limit: 0.
num_arena_births: 142.
num_arena_deaths: 0.
num_vsnodes_births: 2.
num_vsnodes_deaths: 0.
num_space_committed: 227.
num_space_uncommitted: 0.
num_chunks_returned_to_freelist: 0.
num_chunks_taken_from_freelist: 398.
num_chunk_merges: 0.
num_chunk_splits: 261.
num_chunks_enlarged: 210.
num_inconsistent_stats: 0.

CodeCache: size=49152Kb used=2953Kb max_used=2953Kb free=46198Kb
 bounds [0x0000018f9e260000, 0x0000018f9e550000, 0x0000018fa1260000]
 total_blobs=1664 nmethods=1243 adapters=349
 compilation: enabled
              stopped_count=0, restarted_count=0
 full_count=0

Compilation events (20 events):
Event: 5.847 Thread 0x0000018fa5b3b370 1231       1       java.lang.invoke.MethodHandles$Lookup$ClassOption::optionsToFlag (40 bytes)
Event: 5.848 Thread 0x0000018fa5b3b370 nmethod 1231 0x0000018f9e53e510 code [0x0000018f9e53e6c0, 0x0000018f9e53e848]
Event: 5.848 Thread 0x0000018fa5b3b370 1229       1       java.lang.invoke.MethodHandles$Lookup$ClassFile::<init> (20 bytes)
Event: 5.848 Thread 0x0000018fa5b3b370 nmethod 1229 0x0000018f9e53e990 code [0x0000018f9e53eb20, 0x0000018f9e53ec78]
Event: 5.848 Thread 0x0000018fa5b3b370 1230       1       java.lang.invoke.MethodHandles$Lookup::makeHiddenClassDefiner (42 bytes)
Event: 5.849 Thread 0x0000018fa5b3b370 nmethod 1230 0x0000018f9e53ed10 code [0x0000018f9e53ef00, 0x0000018f9e53f2d8]
Event: 5.849 Thread 0x0000018fa5b3b370 1232       1       java.lang.invoke.MethodHandles$Lookup$ClassDefiner::<init> (58 bytes)
Event: 5.850 Thread 0x0000018fa5b3b370 nmethod 1232 0x0000018f9e53f590 code [0x0000018f9e53f720, 0x0000018f9e53f918]
Event: 5.850 Thread 0x0000018fa5b3b370 1233       1       java.lang.invoke.MethodHandles$Lookup$ClassDefiner::defineClass (97 bytes)
Event: 5.851 Thread 0x0000018fa5b3b370 nmethod 1233 0x0000018f9e53f990 code [0x0000018f9e53fb80, 0x0000018f9e53ffd8]
Event: 5.871 Thread 0x0000018fa5b3b370 1235       1       org.springframework.boot.context.properties.source.ConfigurationPropertyName::isAncestorOf (25 bytes)
Event: 5.872 Thread 0x0000018fa5b3b370 nmethod 1235 0x0000018f9e540610 code [0x0000018f9e5407c0, 0x0000018f9e540998]
Event: 5.876 Thread 0x0000018fa5b3b370 1240       1       java.util.stream.Sink$ChainedReference::cancellationRequested (10 bytes)
Event: 5.876 Thread 0x0000018fa5b3b370 nmethod 1240 0x0000018f9e541710 code [0x0000018f9e5418a0, 0x0000018f9e541988]
Event: 5.877 Thread 0x0000018fa5b3b370 1241       1       java.util.stream.ReferencePipeline$2$1::accept (27 bytes)
Event: 5.877 Thread 0x0000018fa5b3b370 nmethod 1241 0x0000018f9e541a10 code [0x0000018f9e541bc0, 0x0000018f9e541cf8]
Event: 5.877 Thread 0x0000018fa5b3b370 1242       1       java.util.stream.Sink::cancellationRequested (2 bytes)
Event: 5.877 Thread 0x0000018fa5b3b370 nmethod 1242 0x0000018f9e541e10 code [0x0000018f9e541fa0, 0x0000018f9e542078]
Event: 5.882 Thread 0x0000018fa5b3b370 1243       1       java.lang.invoke.Invokers$Holder::linkToTargetMethod (10 bytes)
Event: 5.882 Thread 0x0000018fa5b3b370 nmethod 1243 0x0000018f9e542110 code [0x0000018f9e5422c0, 0x0000018f9e5423d8]

GC Heap History (6 events):
Event: 3.061 GC heap before
{Heap before GC invocations=0 (full 0):
 garbage-first heap   total 57344K, used 16384K [0x00000000c0000000, 0x0000000100000000)
  region size 1024K, 13 young (13312K), 0 survivors (0K)
 Metaspace       used 5778K, committed 5888K, reserved 1114112K
  class space    used 556K, committed 640K, reserved 1048576K
}
Event: 3.073 GC heap after
{Heap after GC invocations=1 (full 0):
 garbage-first heap   total 57344K, used 12416K [0x00000000c0000000, 0x0000000100000000)
  region size 1024K, 2 young (2048K), 2 survivors (2048K)
 Metaspace       used 5778K, committed 5888K, reserved 1114112K
  class space    used 556K, committed 640K, reserved 1048576K
}
Event: 4.157 GC heap before
{Heap before GC invocations=1 (full 0):
 garbage-first heap   total 57344K, used 23680K [0x00000000c0000000, 0x0000000100000000)
  region size 1024K, 11 young (11264K), 2 survivors (2048K)
 Metaspace       used 8018K, committed 8128K, reserved 1114112K
  class space    used 888K, committed 960K, reserved 1048576K
}
Event: 4.164 GC heap after
{Heap after GC invocations=2 (full 0):
 garbage-first heap   total 57344K, used 15740K [0x00000000c0000000, 0x0000000100000000)
  region size 1024K, 2 young (2048K), 2 survivors (2048K)
 Metaspace       used 8018K, committed 8128K, reserved 1114112K
  class space    used 888K, committed 960K, reserved 1048576K
}
Event: 4.929 GC heap before
{Heap before GC invocations=2 (full 0):
 garbage-first heap   total 57344K, used 27004K [0x00000000c0000000, 0x0000000100000000)
  region size 1024K, 13 young (13312K), 2 survivors (2048K)
 Metaspace       used 11412K, committed 11648K, reserved 1114112K
  class space    used 1374K, committed 1472K, reserved 1048576K
}
Event: 4.935 GC heap after
{Heap after GC invocations=3 (full 0):
 garbage-first heap   total 57344K, used 16695K [0x00000000c0000000, 0x0000000100000000)
  region size 1024K, 1 young (1024K), 1 survivors (1024K)
 Metaspace       used 11412K, committed 11648K, reserved 1114112K
  class space    used 1374K, committed 1472K, reserved 1048576K
}

Dll operation events (5 events):
Event: 0.035 Loaded shared library c:\Users\eyabo\.vscode\extensions\redhat.java-1.29.0-win32-x64\jre\17.0.10-win32-x86_64\bin\java.dll
Event: 1.108 Loaded shared library C:\Users\eyabo\.vscode\extensions\redhat.java-1.29.0-win32-x64\jre\17.0.10-win32-x86_64\bin\net.dll
Event: 1.115 Loaded shared library C:\Users\eyabo\.vscode\extensions\redhat.java-1.29.0-win32-x64\jre\17.0.10-win32-x86_64\bin\nio.dll
Event: 1.142 Loaded shared library C:\Users\eyabo\.vscode\extensions\redhat.java-1.29.0-win32-x64\jre\17.0.10-win32-x86_64\bin\zip.dll
Event: 3.012 Loaded shared library C:\Users\eyabo\.vscode\extensions\redhat.java-1.29.0-win32-x64\jre\17.0.10-win32-x86_64\bin\jimage.dll

Deoptimization events (0 events):
No events

Classes unloaded (0 events):
No events

Classes redefined (0 events):
No events

Internal exceptions (20 events):
Event: 4.204 Thread 0x0000018f9b5cb590 Exception <a 'java/lang/NoSuchMethodError'{0x00000000c374ab40}: 'int java.lang.invoke.DirectMethodHandle$Holder.invokeSpecial(java.lang.Object, java.lang.Object, java.lang.Object)'> (0x00000000c374ab40) 
thrown [s\src\hotspot\share\interpreter\linkResolver.cpp, line 759]
Event: 4.308 Thread 0x0000018f9b5cb590 Exception <a 'java/lang/NoSuchMethodError'{0x00000000c3674c28}: 'java.lang.Object java.lang.invoke.DirectMethodHandle$Holder.invokeStaticInit(java.lang.Object, java.lang.Object, java.lang.Object)'> (0x00000000c3674c28) 
thrown [s\src\hotspot\share\interpreter\linkResolver.cpp, line 759]
Event: 4.869 Thread 0x0000018f9b5cb590 Exception <a 'java/lang/NoSuchMethodError'{0x00000000c2ce4b70}: 'int java.lang.invoke.DirectMethodHandle$Holder.invokeStaticInit(java.lang.Object, java.lang.Object)'> (0x00000000c2ce4b70) 
thrown [s\src\hotspot\share\interpreter\linkResolver.cpp, line 759]
Event: 4.897 Thread 0x0000018f9b5cb590 Exception <a 'java/lang/NoSuchMethodError'{0x00000000c2b5aa30}: 'void java.lang.invoke.DirectMethodHandle$Holder.invokeInterface(java.lang.Object, java.lang.Object, java.lang.Object, java.lang.Object)'> (0x00000000c2b5aa30) 
thrown [s\src\hotspot\share\interpreter\linkResolver.cpp, line 759]
Event: 5.043 Thread 0x0000018f9b5cb590 Exception <a 'java/lang/NoSuchMethodError'{0x00000000c3697e28}: 'java.lang.Object java.lang.invoke.DirectMethodHandle$Holder.invokeInterface(java.lang.Object, java.lang.Object)'> (0x00000000c3697e28) 
thrown [s\src\hotspot\share\interpreter\linkResolver.cpp, line 759]
Event: 5.069 Thread 0x0000018f9b5cb590 Exception <a 'java/lang/NoSuchMethodError'{0x00000000c3517190}: 'java.lang.Object java.lang.invoke.DirectMethodHandle$Holder.invokeSpecialIFC(java.lang.Object, java.lang.Object, java.lang.Object, java.lang.Object)'> (0x00000000c3517190) 
thrown [s\src\hotspot\share\interpreter\linkResolver.cpp, line 759]
Event: 5.076 Thread 0x0000018f9b5cb590 Exception <a 'java/lang/NoSuchMethodError'{0x00000000c3545848}: 'java.lang.Object java.lang.invoke.DirectMethodHandle$Holder.invokeInterface(java.lang.Object, java.lang.Object, java.lang.Object)'> (0x00000000c3545848) 
thrown [s\src\hotspot\share\interpreter\linkResolver.cpp, line 759]
Event: 5.168 Thread 0x0000018f9b5cb590 Exception <a 'java/lang/NoSuchMethodError'{0x00000000c3451610}: 'int java.lang.invoke.DirectMethodHandle$Holder.invokeStaticInit(java.lang.Object, java.lang.Object, java.lang.Object)'> (0x00000000c3451610) 
thrown [s\src\hotspot\share\interpreter\linkResolver.cpp, line 759]
Event: 5.189 Thread 0x0000018f9b5cb590 Exception <a 'java/lang/NoSuchMethodError'{0x00000000c34c1e78}: 'java.lang.Object java.lang.invoke.DirectMethodHandle$Holder.newInvokeSpecial(java.lang.Object, java.lang.Object, java.lang.Object, java.lang.Object, java.lang.Object)'> (0x00000000c34c1e78) 
thrown [s\src\hotspot\share\interpreter\linkResolver.cpp, line 759]
Event: 5.289 Thread 0x0000018f9b5cb590 Exception <a 'java/lang/IncompatibleClassChangeError'{0x00000000c33af690}: Found class java.lang.Object, but interface was expected> (0x00000000c33af690) 
thrown [s\src\hotspot\share\interpreter\linkResolver.cpp, line 826]
Event: 5.703 Thread 0x0000018f9b5cb590 Exception <a 'java/lang/NoSuchMethodError'{0x00000000c2d52b18}: 'int java.lang.invoke.DirectMethodHandle$Holder.invokeSpecial(java.lang.Object, java.lang.Object, java.lang.Object, java.lang.Object)'> (0x00000000c2d52b18) 
thrown [s\src\hotspot\share\interpreter\linkResolver.cpp, line 759]
Event: 5.814 Thread 0x0000018f9b5cb590 Exception <a 'java/lang/NoSuchMethodError'{0x00000000c2b6e250}: 'java.lang.Object java.lang.invoke.DirectMethodHandle$Holder.newInvokeSpecial(java.lang.Object, java.lang.Object, java.lang.Object, java.lang.Object, java.lang.Object, java.lang.Object, java.lang.Object)'> (0x00000000c2b6e250) 
thrown [s\src\hotspot\share\interpreter\linkResolver.cpp, line 759]
Event: 5.815 Thread 0x0000018f9b5cb590 Exception <a 'java/lang/NoSuchMethodError'{0x00000000c2b72b60}: 'java.lang.Object java.lang.invoke.Invokers$Holder.linkToTargetMethod(java.lang.Object, java.lang.Object, java.lang.Object, java.lang.Object, java.lang.Object, java.lang.Object, java.lang.Object)'> (0x00000000c2b72b60) 
thrown [s\src\hotspot\share\interpreter\linkResolver.cpp, line 759]
Event: 5.827 Thread 0x0000018f9b5cb590 Exception <a 'java/lang/NoSuchMethodError'{0x00000000c2ba09f0}: 'void java.lang.invoke.DirectMethodHandle$Holder.invokeStatic(java.lang.Object, java.lang.Object)'> (0x00000000c2ba09f0) 
thrown [s\src\hotspot\share\interpreter\linkResolver.cpp, line 759]
Event: 5.828 Thread 0x0000018f9b5cb590 Exception <a 'java/lang/NoSuchMethodError'{0x00000000c2ba41f0}: 'void java.lang.invoke.DirectMethodHandle$Holder.invokeStaticInit(java.lang.Object, java.lang.Object)'> (0x00000000c2ba41f0) 
thrown [s\src\hotspot\share\interpreter\linkResolver.cpp, line 759]
Event: 5.848 Thread 0x0000018f9b5cb590 Exception <a 'java/lang/NoSuchMethodError'{0x00000000c290ad30}: 'int java.lang.invoke.DirectMethodHandle$Holder.invokeStatic(java.lang.Object, java.lang.Object, java.lang.Object, java.lang.Object)'> (0x00000000c290ad30) 
thrown [s\src\hotspot\share\interpreter\linkResolver.cpp, line 759]
Event: 5.848 Thread 0x0000018f9b5cb590 Exception <a 'java/lang/NoSuchMethodError'{0x00000000c290e6b0}: 'java.lang.Object java.lang.invoke.Invokers$Holder.invokeExact_MT(java.lang.Object, java.lang.Object, java.lang.Object, java.lang.Object, java.lang.Object, java.lang.Object)'> (0x00000000c290e6b0) 
thrown [s\src\hotspot\share\interpreter\linkResolver.cpp, line 759]
Event: 5.872 Thread 0x0000018f9b5cb590 Exception <a 'java/lang/NoSuchMethodError'{0x00000000c298a360}: 'java.lang.Object java.lang.invoke.DirectMethodHandle$Holder.invokeSpecial(java.lang.Object, java.lang.Object, java.lang.Object, java.lang.Object, java.lang.Object, java.lang.Object, int)'> (0x00000000c298a360) 
thrown [s\src\hotspot\share\interpreter\linkResolver.cpp, line 759]
Event: 5.873 Thread 0x0000018f9b5cb590 Exception <a 'java/lang/NoSuchMethodError'{0x00000000c29948f8}: 'java.lang.Object java.lang.invoke.DirectMethodHandle$Holder.newInvokeSpecial(java.lang.Object, java.lang.Object, java.lang.Object, java.lang.Object, java.lang.Object, java.lang.Object, int)'> (0x00000000c29948f8) 
thrown [s\src\hotspot\share\interpreter\linkResolver.cpp, line 759]
Event: 5.874 Thread 0x0000018f9b5cb590 Exception <a 'java/lang/NoSuchMethodError'{0x00000000c2999938}: 'java.lang.Object java.lang.invoke.DirectMethodHandle$Holder.invokeSpecial(java.lang.Object, java.lang.Object, java.lang.Object, java.lang.Object, java.lang.Object, java.lang.Object, java.lang.Object, int)'> (0x00000000c2999938) 
thrown [s\src\hotspot\share\interpreter\linkResolver.cpp, line 759]

VM Operations (20 events):
Event: 2.983 Executing VM operation: HandshakeAllThreads
Event: 2.983 Executing VM operation: HandshakeAllThreads done
Event: 3.061 Executing VM operation: G1CollectForAllocation
Event: 3.073 Executing VM operation: G1CollectForAllocation done
Event: 3.442 Executing VM operation: HandshakeAllThreads
Event: 3.442 Executing VM operation: HandshakeAllThreads done
Event: 3.529 Executing VM operation: HandshakeAllThreads
Event: 3.529 Executing VM operation: HandshakeAllThreads done
Event: 4.157 Executing VM operation: G1CollectForAllocation
Event: 4.164 Executing VM operation: G1CollectForAllocation done
Event: 4.542 Executing VM operation: HandshakeAllThreads
Event: 4.542 Executing VM operation: HandshakeAllThreads done
Event: 4.576 Executing VM operation: HandshakeAllThreads
Event: 4.576 Executing VM operation: HandshakeAllThreads done
Event: 4.761 Executing VM operation: HandshakeAllThreads
Event: 4.761 Executing VM operation: HandshakeAllThreads done
Event: 4.929 Executing VM operation: G1CollectForAllocation
Event: 4.935 Executing VM operation: G1CollectForAllocation done
Event: 5.326 Executing VM operation: HandshakeAllThreads
Event: 5.326 Executing VM operation: HandshakeAllThreads done

Events (20 events):
Event: 5.712 loading class java/util/stream/Sink$OfInt done
Event: 5.712 loading class java/util/stream/MatchOps$2MatchSink done
Event: 5.765 loading class java/beans/PropertyEditorSupport
Event: 5.767 loading class java/beans/PropertyEditor
Event: 5.767 loading class java/beans/PropertyEditor done
Event: 5.767 loading class java/beans/PropertyEditorSupport done
Event: 5.816 loading class java/util/AbstractList$RandomAccessSpliterator
Event: 5.817 loading class java/util/AbstractList$RandomAccessSpliterator done
Event: 5.854 loading class java/util/regex/Pattern$Dollar
Event: 5.854 loading class java/util/regex/Pattern$Dollar done
Event: 5.855 loading class java/util/regex/Pattern$Neg
Event: 5.855 loading class java/util/regex/Pattern$Neg done
Event: 5.869 loading class java/util/stream/StreamSpliterators$WrappingSpliterator
Event: 5.869 loading class java/util/stream/StreamSpliterators$AbstractWrappingSpliterator
Event: 5.869 loading class java/util/stream/StreamSpliterators$AbstractWrappingSpliterator done
Event: 5.869 loading class java/util/stream/StreamSpliterators$WrappingSpliterator done
Event: 5.870 loading class java/util/stream/StreamSpliterators
Event: 5.870 loading class java/util/stream/StreamSpliterators done
Event: 5.870 loading class java/util/function/BooleanSupplier
Event: 5.870 loading class java/util/function/BooleanSupplier done


Dynamic libraries:
0x00007ff7e83c0000 - 0x00007ff7e83ce000 	c:\Users\eyabo\.vscode\extensions\redhat.java-1.29.0-win32-x64\jre\17.0.10-win32-x86_64\bin\java.exe
0x00007ffdb6430000 - 0x00007ffdb6628000 	C:\Windows\SYSTEM32\ntdll.dll
0x00007ffdb4470000 - 0x00007ffdb452d000 	C:\Windows\System32\KERNEL32.DLL
0x00007ffdb3e30000 - 0x00007ffdb4126000 	C:\Windows\System32\KERNELBASE.dll
0x00007ffdb4180000 - 0x00007ffdb4280000 	C:\Windows\System32\ucrtbase.dll
0x00007ffd97f90000 - 0x00007ffd97fa7000 	c:\Users\eyabo\.vscode\extensions\redhat.java-1.29.0-win32-x64\jre\17.0.10-win32-x86_64\bin\jli.dll
0x00007ffd95580000 - 0x00007ffd9559b000 	c:\Users\eyabo\.vscode\extensions\redhat.java-1.29.0-win32-x64\jre\17.0.10-win32-x86_64\bin\VCRUNTIME140.dll
0x00007ffdb54a0000 - 0x00007ffdb563e000 	C:\Windows\System32\USER32.dll
0x00007ffdb3ba0000 - 0x00007ffdb3bc2000 	C:\Windows\System32\win32u.dll
0x00007ffda3b90000 - 0x00007ffda3e2a000 	C:\Windows\WinSxS\amd64_microsoft.windows.common-controls_6595b64144ccf1df_6.0.19041.3636_none_60b6a03d71f818d5\COMCTL32.dll
0x00007ffdb5b60000 - 0x00007ffdb5bfe000 	C:\Windows\System32\msvcrt.dll
0x00007ffdb5640000 - 0x00007ffdb566b000 	C:\Windows\System32\GDI32.dll
0x00007ffdb4350000 - 0x00007ffdb4467000 	C:\Windows\System32\gdi32full.dll
0x00007ffdb42b0000 - 0x00007ffdb434d000 	C:\Windows\System32\msvcp_win.dll
0x00007ffdb5350000 - 0x00007ffdb5382000 	C:\Windows\System32\IMM32.DLL
0x00007ffd9c870000 - 0x00007ffd9c87c000 	c:\Users\eyabo\.vscode\extensions\redhat.java-1.29.0-win32-x64\jre\17.0.10-win32-x86_64\bin\vcruntime140_1.dll
0x00007ffd8d830000 - 0x00007ffd8d8bd000 	c:\Users\eyabo\.vscode\extensions\redhat.java-1.29.0-win32-x64\jre\17.0.10-win32-x86_64\bin\msvcp140.dll
0x00007ffd73a50000 - 0x00007ffd746b2000 	c:\Users\eyabo\.vscode\extensions\redhat.java-1.29.0-win32-x64\jre\17.0.10-win32-x86_64\bin\server\jvm.dll
0x00007ffdb46e0000 - 0x00007ffdb4793000 	C:\Windows\System32\ADVAPI32.dll
0x00007ffdb5740000 - 0x00007ffdb57df000 	C:\Windows\System32\sechost.dll
0x00007ffdb5ce0000 - 0x00007ffdb5e06000 	C:\Windows\System32\RPCRT4.dll
0x00007ffdb4280000 - 0x00007ffdb42a7000 	C:\Windows\System32\bcrypt.dll
0x00007ffdb3950000 - 0x00007ffdb399b000 	C:\Windows\SYSTEM32\POWRPROF.dll
0x00007ffd9b090000 - 0x00007ffd9b099000 	C:\Windows\SYSTEM32\WSOCK32.dll
0x00007ffdb5670000 - 0x00007ffdb56db000 	C:\Windows\System32\WS2_32.dll
0x00007ffda33b0000 - 0x00007ffda33d7000 	C:\Windows\SYSTEM32\WINMM.dll
0x00007ffda7750000 - 0x00007ffda775a000 	C:\Windows\SYSTEM32\VERSION.dll
0x00007ffdb3930000 - 0x00007ffdb3942000 	C:\Windows\SYSTEM32\UMPDC.dll
0x00007ffdb19a0000 - 0x00007ffdb19b2000 	C:\Windows\SYSTEM32\kernel.appcore.dll
0x00007ffd99940000 - 0x00007ffd9994a000 	c:\Users\eyabo\.vscode\extensions\redhat.java-1.29.0-win32-x64\jre\17.0.10-win32-x86_64\bin\jimage.dll
0x00007ffdaf160000 - 0x00007ffdaf344000 	C:\Windows\SYSTEM32\DBGHELP.DLL
0x00007ffdaf120000 - 0x00007ffdaf154000 	C:\Windows\SYSTEM32\dbgcore.DLL
0x00007ffdb3c40000 - 0x00007ffdb3cc2000 	C:\Windows\System32\bcryptPrimitives.dll
0x00007ffd953a0000 - 0x00007ffd953c5000 	c:\Users\eyabo\.vscode\extensions\redhat.java-1.29.0-win32-x64\jre\17.0.10-win32-x86_64\bin\java.dll
0x00007ffd95270000 - 0x00007ffd95288000 	c:\Users\eyabo\.vscode\extensions\redhat.java-1.29.0-win32-x64\jre\17.0.10-win32-x86_64\bin\zip.dll
0x00007ffdb4a20000 - 0x00007ffdb5165000 	C:\Windows\System32\SHELL32.dll
0x00007ffdb1ba0000 - 0x00007ffdb233c000 	C:\Windows\SYSTEM32\windows.storage.dll
0x00007ffdb57f0000 - 0x00007ffdb5b44000 	C:\Windows\System32\combase.dll
0x00007ffdb3450000 - 0x00007ffdb347e000 	C:\Windows\SYSTEM32\Wldp.dll
0x00007ffdb4950000 - 0x00007ffdb4a1d000 	C:\Windows\System32\OLEAUT32.dll
0x00007ffdb62e0000 - 0x00007ffdb638d000 	C:\Windows\System32\SHCORE.dll
0x00007ffdb6280000 - 0x00007ffdb62d5000 	C:\Windows\System32\shlwapi.dll
0x00007ffdb3a20000 - 0x00007ffdb3a45000 	C:\Windows\SYSTEM32\profapi.dll
0x00007ffd95220000 - 0x00007ffd95239000 	C:\Users\eyabo\.vscode\extensions\redhat.java-1.29.0-win32-x64\jre\17.0.10-win32-x86_64\bin\net.dll
0x00007ffdaa1f0000 - 0x00007ffdaa2fa000 	C:\Windows\SYSTEM32\WINHTTP.dll
0x00007ffdb31b0000 - 0x00007ffdb321a000 	C:\Windows\system32\mswsock.dll
0x00007ffd94e30000 - 0x00007ffd94e46000 	C:\Users\eyabo\.vscode\extensions\redhat.java-1.29.0-win32-x64\jre\17.0.10-win32-x86_64\bin\nio.dll

dbghelp: loaded successfully - version: 4.0.5 - missing functions: none
symbol engine: initialized successfully - sym options: 0x614 - pdb path: .;c:\Users\eyabo\.vscode\extensions\redhat.java-1.29.0-win32-x64\jre\17.0.10-win32-x86_64\bin;C:\Windows\SYSTEM32;C:\Windows\WinSxS\amd64_microsoft.windows.common-controls_6595b64144ccf1df_6.0.19041.3636_none_60b6a03d71f818d5;c:\Users\eyabo\.vscode\extensions\redhat.java-1.29.0-win32-x64\jre\17.0.10-win32-x86_64\bin\server

VM Arguments:
jvm_args: -XX:+HeapDumpOnOutOfMemoryError -Xmx1024m -Dsts.lsp.client=vscode -Dsts.log.file=/dev/null -XX:TieredStopAtLevel=1 -Xlog:jni+resolve=off -Dspring.config.location=file:c:\Users\eyabo\.vscode\extensions\vmware.vscode-spring-boot-1.53.0\language-server\BOOT-INF\classes\application.properties 
java_command: org.springframework.ide.vscode.boot.app.BootLanguageServerBootApp
java_class_path (initial): c:\Users\eyabo\.vscode\extensions\vmware.vscode-spring-boot-1.53.0\language-server\BOOT-INF\classes;c:\Users\eyabo\.vscode\extensions\vmware.vscode-spring-boot-1.53.0\language-server\BOOT-INF\lib\annotations-24.1.0.jar;c:\Users\eyabo\.vscode\extensions\vmware.vscode-spring-boot-1.53.0\language-server\BOOT-INF\lib\antlr4-runtime-4.11.1.jar;c:\Users\eyabo\.vscode\extensions\vmware.vscode-spring-boot-1.53.0\language-server\BOOT-INF\lib\asm-9.6.jar;c:\Users\eyabo\.vscode\extensions\vmware.vscode-spring-boot-1.53.0\language-server\BOOT-INF\lib\asm-analysis-9.6.jar;c:\Users\eyabo\.vscode\extensions\vmware.vscode-spring-boot-1.53.0\language-server\BOOT-INF\lib\asm-tree-9.6.jar;c:\Users\eyabo\.vscode\extensions\vmware.vscode-spring-boot-1.53.0\language-server\BOOT-INF\lib\asm-util-9.6.jar;c:\Users\eyabo\.vscode\extensions\vmware.vscode-spring-boot-1.53.0\language-server\BOOT-INF\lib\caffeine-3.1.8.jar;c:\Users\eyabo\.vscode\extensions\vmware.vscode-spring-boot-1.53.0\language-server\BOOT-INF\lib\checker-qual-3.12.0.jar;c:\Users\eyabo\.vscode\extensions\vmware.vscode-spring-boot-1.53.0\language-server\BOOT-INF\lib\classgraph-4.8.149.jar;c:\Users\eyabo\.vscode\extensions\vmware.vscode-spring-boot-1.53.0\language-server\BOOT-INF\lib\commons-codec-1.16.1.jar;c:\Users\eyabo\.vscode\extensions\vmware.vscode-spring-boot-1.53.0\language-server\BOOT-INF\lib\commons-compress-1.26.0.jar;c:\Users\eyabo\.vscode\extensions\vmware.vscode-spring-boot-1.53.0\language-server\BOOT-INF\lib\commons-io-2.4.jar;c:\Users\eyabo\.vscode\extensions\vmware.vscode-spring-boot-1.53.0\language-server\BOOT-INF\lib\commons-java-1.53.0-SNAPSHOT.jar;c:\Users\eyabo\.vscode\extensions\vmware.vscode-spring-boot-1.53.0\language-server\BOOT-INF\lib\commons-lang3-3.13.0.jar;c:\Users\eyabo\.vscode\extensions\vmware.vscode-spring-boot-1.53.0\language-server\BOOT-INF\lib\commons-language-server-1.53.0-SNAPSHOT.jar;c:\Users\eyabo\.vscode\extensions\vmware.vscode-spring-boot-1.53.0\language
Launcher Type: SUN_STANDARD

[Global flags]
     intx CICompilerCount                          = 3                                         {product} {ergonomic}
     uint ConcGCThreads                            = 1                                         {product} {ergonomic}
     uint G1ConcRefinementThreads                  = 4                                         {product} {ergonomic}
   size_t G1HeapRegionSize                         = 1048576                                   {product} {ergonomic}
    uintx GCDrainStackTargetSize                   = 64                                        {product} {ergonomic}
     bool HeapDumpOnOutOfMemoryError               = true                                   {manageable} {command line}
   size_t InitialHeapSize                          = 58720256                                  {product} {ergonomic}
   size_t MarkStackSize                            = 4194304                                   {product} {ergonomic}
   size_t MaxHeapSize                              = 1073741824                                {product} {command line}
   size_t MaxNewSize                               = 643825664                                 {product} {ergonomic}
   size_t MinHeapDeltaBytes                        = 1048576                                   {product} {ergonomic}
   size_t MinHeapSize                              = 8388608                                   {product} {ergonomic}
    uintx NonProfiledCodeHeapSize                  = 0                                      {pd product} {ergonomic}
     bool ProfileInterpreter                       = false                                  {pd product} {command line}
    uintx ProfiledCodeHeapSize                     = 0                                      {pd product} {ergonomic}
   size_t SoftMaxHeapSize                          = 1073741824                             {manageable} {ergonomic}
     intx TieredStopAtLevel                        = 1                                         {product} {command line}
     bool UseCompressedClassPointers               = true                           {product lp64_product} {ergonomic}
     bool UseCompressedOops                        = true                           {product lp64_product} {ergonomic}
     bool UseG1GC                                  = true                                      {product} {ergonomic}
     bool UseLargePagesIndividualAllocation        = false                                  {pd product} {ergonomic}

Logging:
Log output configuration:
 #0: stdout all=warning,jni+resolve=off uptime,level,tags
 #1: stderr all=off uptime,level,tags

Environment Variables:
PATH=C:\ProgramData\Oracle\Java\javapath;C:\oraclexe\app\oracle\product\10.2.0\server\bin;C:\Program Files (x86)\VMware\VMware Workstation\bin\;C:\Windows\system32;C:\Windows;C:\Windows\System32\Wbem;C:\Windows\System32\WindowsPowerShell\v1.0\;C:\Windows\System32\OpenSSH\;c:\matlab6p1\bin\win32;C:\xampp\php;C:\xampp\php;C:\ProgramData\ComposerSetup\bin;C:\Users\eyabo\Downloads\symfony-cli_windows_amd64;C:\Program Files (x86)\Microsoft SQL Server\160\Tools\Binn\;C:\Program Files\Microsoft SQL Server\160\Tools\Binn\;C:\Program Files\Microsoft SQL Server\Client SDK\ODBC\170\Tools\Binn\;C:\Program Files\Microsoft SQL Server\160\DTS\Binn\;C:\Program Files (x86)\Microsoft SQL Server\160\DTS\Binn\;C:\Program Files\Azure Data Studio\bin;C:\Program Files\Microsoft SQL Server\130\Tools\Binn\;C:\Program Files (x86)\Microsoft SQL Server\110\DTS\Binn\;C:\Program Files (x86)\Microsoft SQL Server\120\DTS\Binn\;C:\Program Files (x86)\Microsoft SQL Server\130\DTS\Binn\;C:\Program Files (x86)\Microsoft SQL Server\140\DTS\Binn\;C:\Program Files (x86)\Microsoft SQL Server\150\DTS\Binn\;C:\Program Files\Git\cmd;C:\Program Files\nodejs\;C:\ProgramData\chocolatey\bin;C:\Users\eyabo\AppData\Local\Programs\Python\Launcher\;C:\Users\eyabo\AppData\Local\Microsoft\WindowsApps;;C:\Users\eyabo\AppData\Local\Programs\Microsoft VS Code\bin;C:\Users\eyabo\OneDrive\Desktop\python\Sign-Language-Alphabet-detection-main\PyCharm 2023.3.2\bin;;C:\Users\eyabo\AppData\Roaming\Composer\vendor\bin;C:\Program Files\Azure Data Studio\bin;C:\Users\eyabo\AppData\Roaming\npm
USERNAME=eyabo
OS=Windows_NT
PROCESSOR_IDENTIFIER=Intel64 Family 6 Model 61 Stepping 4, GenuineIntel
TMP=C:\Users\eyabo\AppData\Local\Temp
TEMP=C:\Users\eyabo\AppData\Local\Temp



Periodic native trim disabled


---------------  S Y S T E M  ---------------

OS:
 Windows 10 , 64 bit Build 19041 (10.0.19041.3636)
OS uptime: 0 days 12:16 hours

CPU: total 4 (initial active 4) (2 cores per cpu, 2 threads per core) family 6 model 61 stepping 4 microcode 0x2d, cx8, cmov, fxsr, ht, mmx, 3dnowpref, sse, sse2, sse3, ssse3, sse4.1, sse4.2, popcnt, lzcnt, tsc, tscinvbit, avx, avx2, aes, erms, clmul, bmi1, bmi2, adx, fma, vzeroupper, clflush
Processor Information for all 4 processors :
  Max Mhz: 2000, Current Mhz: 2000, Mhz Limit: 2000

Memory: 4k page, system-wide physical 3514M (68M free)
TotalPageFile size 14266M (AvailPageFile size 0M)
current process WorkingSet (physical memory assigned to process): 78M, peak: 78M
current process commit charge ("private bytes"): 138M, peak: 138M

vm_info: OpenJDK 64-Bit Server VM (17.0.10+7) for windows-amd64 JRE (17.0.10+7), built on Jan 16 2024 23:25:11 by "admin" with MS VC++ 16.10 / 16.11 (VS2019)

END.
