#
# There is insufficient memory for the Java Runtime Environment to continue.
# Native memory allocation (malloc) failed to allocate 651056 bytes for Chunk::new
# Possible reasons:
#   The system is out of physical RAM or swap space
#   The process is running with CompressedOops enabled, and the Java Heap may be blocking the growth of the native heap
# Possible solutions:
#   Reduce memory load on the system
#   Increase physical memory or swap space
#   Check if swap backing store is full
#   Decrease Java heap size (-Xmx/-Xms)
#   Decrease number of Java threads
#   Decrease Java thread stack sizes (-Xss)
#   Set larger code cache with -XX:ReservedCodeCacheSize=
#   JVM is running with Unscaled Compressed Oops mode in which the Java heap is
#     placed in the first 4GB address space. The Java Heap base address is the
#     maximum limit for the native heap growth. Please use -XX:HeapBaseMinAddress
#     to set the Java Heap base and to place the Java Heap above 4GB virtual address.
# This output file may be truncated or incomplete.
#
#  Out of Memory Error (arena.cpp:191), pid=9584, tid=4208
#
# JRE version: OpenJDK Runtime Environment Temurin-17.0.10+7 (17.0.10+7) (build 17.0.10+7)
# Java VM: OpenJDK 64-Bit Server VM Temurin-17.0.10+7 (17.0.10+7, mixed mode, tiered, compressed oops, compressed class ptrs, parallel gc, windows-amd64)
# No core dump will be written. Minidumps are not enabled by default on client versions of Windows
#

---------------  S U M M A R Y ------------

Command Line: --add-modules=ALL-SYSTEM --add-opens=java.base/java.util=ALL-UNNAMED --add-opens=java.base/java.lang=ALL-UNNAMED --add-opens=java.base/sun.nio.fs=ALL-UNNAMED -Declipse.application=org.eclipse.jdt.ls.core.id1 -Dosgi.bundles.defaultStartLevel=4 -Declipse.product=org.eclipse.jdt.ls.core.product -Djava.import.generatesMetadataFilesAtProjectRoot=false -DDetectVMInstallationsJob.disabled=true -Dfile.encoding=utf8 -XX:+UseParallelGC -XX:GCTimeRatio=4 -XX:AdaptiveSizePolicyWeight=90 -Dsun.zip.disableMemoryMapping=true -Xmx1G -Xms100m -Xlog:disable -javaagent:c:\Users\eyabo\.vscode\extensions\redhat.java-1.29.0-win32-x64\lombok\lombok-1.18.32.jar -XX:+HeapDumpOnOutOfMemoryError -XX:HeapDumpPath=c:\Users\eyabo\AppData\Roaming\Code\User\workspaceStorage\2deadda95191537f567eb3dd7e0f382e\redhat.java -Daether.dependencyCollector.impl=bf c:\Users\eyabo\.vscode\extensions\redhat.java-1.29.0-win32-x64\server\plugins\org.eclipse.equinox.launcher_1.6.800.v20240304-1850.jar -configuration c:\Users\eyabo\AppData\Roaming\Code\User\globalStorage\redhat.java\1.29.0\config_win -data c:\Users\eyabo\AppData\Roaming\Code\User\workspaceStorage\2deadda95191537f567eb3dd7e0f382e\redhat.java\jdt_ws --stdio

Host: Intel(R) Core(TM) i3-5005U CPU @ 2.00GHz, 4 cores, 3G,  Windows 10 , 64 bit Build 19041 (10.0.19041.3636)
Time: Sat Apr  6 02:18:53 2024 Afr. centrale Ouest elapsed time: 76.934882 seconds (0d 0h 1m 16s)

---------------  T H R E A D  ---------------

Current thread (0x000001b7fdd44a30):  JavaThread "C2 CompilerThread0" daemon [_thread_in_native, id=4208, stack(0x0000006b7c600000,0x0000006b7c700000)]


Current CompileTask:
C2:  76935 4910   !   4       org.eclipse.osgi.internal.loader.classpath.ClasspathManager::defineClass (636 bytes)

Stack: [0x0000006b7c600000,0x0000006b7c700000]
Native frames: (J=compiled Java code, j=interpreted, Vv=VM code, C=native code)
V  [jvm.dll+0x67d2c9]
V  [jvm.dll+0x834afa]
V  [jvm.dll+0x8365be]
V  [jvm.dll+0x836c23]
V  [jvm.dll+0x2477ff]
V  [jvm.dll+0xac514]
V  [jvm.dll+0xacb5c]
V  [jvm.dll+0x2aed1f]
V  [jvm.dll+0x584b67]
V  [jvm.dll+0x2228a2]
V  [jvm.dll+0x21b5cd]
V  [jvm.dll+0x219201]
V  [jvm.dll+0x1a502d]
V  [jvm.dll+0x2290de]
V  [jvm.dll+0x2272ac]
V  [jvm.dll+0x7e9bb7]
V  [jvm.dll+0x7e3fba]
V  [jvm.dll+0x67c1b5]
C  [ucrtbase.dll+0x21bb2]
C  [KERNEL32.DLL+0x17344]
C  [ntdll.dll+0x526b1]


---------------  P R O C E S S  ---------------

Threads class SMR info:
_java_thread_list=0x000001b794ca22f0, length=23, elements={
0x000001b7f8ed5770, 0x000001b7fdd15740, 0x000001b7fdd16750, 0x000001b7fdd3e560,
0x000001b7fdd3f3e0, 0x000001b7fdd40260, 0x000001b7fdd43d40, 0x000001b7fdd44a30,
0x000001b7feec7190, 0x000001b7feed16b0, 0x000001b7fef69d00, 0x000001b7fefe9ee0,
0x000001b7ff8fc300, 0x000001b7ff8fc810, 0x000001b7ff8f9570, 0x000001b7ff8fb3d0,
0x000001b7ff8fb8e0, 0x000001b7ff8fbdf0, 0x000001b7ff8f9a80, 0x000001b7ff8f9f90,
0x000001b793902310, 0x000001b7938ffa90, 0x000001b793902820
}

Java Threads: ( => current thread )
  0x000001b7f8ed5770 JavaThread "main" [_thread_in_vm, id=11452, stack(0x0000006b7bd00000,0x0000006b7be00000)]
  0x000001b7fdd15740 JavaThread "Reference Handler" daemon [_thread_blocked, id=13336, stack(0x0000006b7c000000,0x0000006b7c100000)]
  0x000001b7fdd16750 JavaThread "Finalizer" daemon [_thread_blocked, id=10864, stack(0x0000006b7c100000,0x0000006b7c200000)]
  0x000001b7fdd3e560 JavaThread "Signal Dispatcher" daemon [_thread_blocked, id=9680, stack(0x0000006b7c200000,0x0000006b7c300000)]
  0x000001b7fdd3f3e0 JavaThread "Attach Listener" daemon [_thread_blocked, id=1852, stack(0x0000006b7c300000,0x0000006b7c400000)]
  0x000001b7fdd40260 JavaThread "Service Thread" daemon [_thread_blocked, id=5500, stack(0x0000006b7c400000,0x0000006b7c500000)]
  0x000001b7fdd43d40 JavaThread "Monitor Deflation Thread" daemon [_thread_blocked, id=2376, stack(0x0000006b7c500000,0x0000006b7c600000)]
=>0x000001b7fdd44a30 JavaThread "C2 CompilerThread0" daemon [_thread_in_native, id=4208, stack(0x0000006b7c600000,0x0000006b7c700000)]
  0x000001b7feec7190 JavaThread "C1 CompilerThread0" daemon [_thread_blocked, id=7308, stack(0x0000006b7c700000,0x0000006b7c800000)]
  0x000001b7feed16b0 JavaThread "Sweeper thread" daemon [_thread_blocked, id=13160, stack(0x0000006b7c800000,0x0000006b7c900000)]
  0x000001b7fef69d00 JavaThread "Common-Cleaner" daemon [_thread_blocked, id=14672, stack(0x0000006b7c900000,0x0000006b7ca00000)]
  0x000001b7fefe9ee0 JavaThread "Notification Thread" daemon [_thread_blocked, id=12260, stack(0x0000006b7ca00000,0x0000006b7cb00000)]
  0x000001b7ff8fc300 JavaThread "Active Thread: Equinox Container: ce296c38-6855-412e-97a1-1daa2c437c0f" [_thread_blocked, id=2760, stack(0x0000006b7cf00000,0x0000006b7d000000)]
  0x000001b7ff8fc810 JavaThread "Framework Event Dispatcher: Equinox Container: ce296c38-6855-412e-97a1-1daa2c437c0f" daemon [_thread_blocked, id=9616, stack(0x0000006b7d000000,0x0000006b7d100000)]
  0x000001b7ff8f9570 JavaThread "Start Level: Equinox Container: ce296c38-6855-412e-97a1-1daa2c437c0f" daemon [_thread_blocked, id=12048, stack(0x0000006b7d100000,0x0000006b7d200000)]
  0x000001b7ff8fb3d0 JavaThread "Bundle File Closer" daemon [_thread_blocked, id=7480, stack(0x0000006b7d200000,0x0000006b7d300000)]
  0x000001b7ff8fb8e0 JavaThread "SCR Component Actor" daemon [_thread_blocked, id=3112, stack(0x0000006b7bb00000,0x0000006b7bc00000)]
  0x000001b7ff8fbdf0 JavaThread "Worker-JM" [_thread_blocked, id=13444, stack(0x0000006b7d300000,0x0000006b7d400000)]
  0x000001b7ff8f9a80 JavaThread "Worker-0" [_thread_blocked, id=2428, stack(0x0000006b7d400000,0x0000006b7d500000)]
  0x000001b7ff8f9f90 JavaThread "Worker-1: Repository registry initialization" [_thread_in_vm, id=10444, stack(0x0000006b7d500000,0x0000006b7d600000)]
  0x000001b793902310 JavaThread "Java indexing" daemon [_thread_blocked, id=14876, stack(0x0000006b7d600000,0x0000006b7d700000)]
  0x000001b7938ffa90 JavaThread "Worker-2" [_thread_blocked, id=9056, stack(0x0000006b7d700000,0x0000006b7d800000)]
  0x000001b793902820 JavaThread "JNA Cleaner" daemon [_thread_blocked, id=4964, stack(0x0000006b7bc00000,0x0000006b7bd00000)]

Other Threads:
  0x000001b7f8f8eb10 VMThread "VM Thread" [stack: 0x0000006b7bf00000,0x0000006b7c000000] [id=2816] _threads_hazard_ptr=0x000001b794ca22f0
  0x000001b7ff2a0060 WatcherThread [stack: 0x0000006b7cb00000,0x0000006b7cc00000] [id=8340]
  0x000001b7f8eeb1c0 GCTaskThread "GC Thread#0" [stack: 0x0000006b7be00000,0x0000006b7bf00000] [id=7488]
  0x000001b7ff351390 GCTaskThread "GC Thread#1" [stack: 0x0000006b7cc00000,0x0000006b7cd00000] [id=3248]
  0x000001b7ff35ecc0 GCTaskThread "GC Thread#2" [stack: 0x0000006b7cd00000,0x0000006b7ce00000] [id=10000]
  0x000001b7ff738050 GCTaskThread "GC Thread#3" [stack: 0x0000006b7ce00000,0x0000006b7cf00000] [id=5648]

Threads with active compile tasks:
C2 CompilerThread0    78484 4910   !   4       org.eclipse.osgi.internal.loader.classpath.ClasspathManager::defineClass (636 bytes)

VM state: synchronizing (normal execution)

VM Mutex/Monitor currently owned by a thread:  ([mutex/lock_event])
[0x000001b7f8ecf630] Metaspace_lock - owner thread: 0x000001b7f8ed5770
[0x000001b7f8ed0760] Threads_lock - owner thread: 0x000001b7f8f8eb10

Heap address: 0x00000000c0000000, size: 1024 MB, Compressed Oops mode: 32-bit

CDS archive(s) not mapped
Compressed class space mapped at: 0x0000000100000000-0x0000000140000000, reserved size: 1073741824
Narrow klass base: 0x0000000000000000, Narrow klass shift: 3, Narrow klass range: 0x140000000

GC Precious Log:
 CPUs: 4 total, 4 available
 Memory: 3514M
 Large Page Support: Disabled
 NUMA Support: Disabled
 Compressed Oops: Enabled (32-bit)
 Alignments: Space 512K, Generation 512K, Heap 2M
 Heap Min Capacity: 100M
 Heap Initial Capacity: 100M
 Heap Max Capacity: 1G
 Pre-touch: Disabled
 Parallel Workers: 4

Heap:
 PSYoungGen      total 23040K, used 10826K [0x00000000eab00000, 0x00000000ec600000, 0x0000000100000000)
  eden space 22016K, 44% used [0x00000000eab00000,0x00000000eb496838,0x00000000ec080000)
  from space 1024K, 98% used [0x00000000ec500000,0x00000000ec5fc0e8,0x00000000ec600000)
  to   space 1536K, 0% used [0x00000000ec300000,0x00000000ec300000,0x00000000ec480000)
 ParOldGen       total 68608K, used 17326K [0x00000000c0000000, 0x00000000c4300000, 0x00000000eab00000)
  object space 68608K, 25% used [0x00000000c0000000,0x00000000c10ebad8,0x00000000c4300000)
 Metaspace       used 43473K, committed 44416K, reserved 1114112K
  class space    used 4494K, committed 4864K, reserved 1048576K

Card table byte_map: [0x000001b7f8870000,0x000001b7f8a80000] _byte_map_base: 0x000001b7f8270000

Marking Bits: (ParMarkBitMap*) 0x00007ffd745ed7d0
 Begin Bits: [0x000001b7fbb70000, 0x000001b7fcb70000)
 End Bits:   [0x000001b7fcb70000, 0x000001b7fdb70000)

Polling page: 0x000001b7f6cd0000

Metaspace:

Usage:
  Non-class:     38.07 MB used.
      Class:      4.39 MB used.
       Both:     42.45 MB used.

Virtual space:
  Non-class space:       64.00 MB reserved,      38.62 MB ( 60%) committed,  1 nodes.
      Class space:        1.00 GB reserved,       4.75 MB ( <1%) committed,  1 nodes.
             Both:        1.06 GB reserved,      43.38 MB (  4%) committed. 

Chunk freelists:
   Non-Class:  8.94 MB
       Class:  11.17 MB
        Both:  20.10 MB

MaxMetaspaceSize: unlimited
CompressedClassSpaceSize: 1.00 GB
Initial GC threshold: 21.00 MB
Current GC threshold: 58.38 MB
CDS: off
MetaspaceReclaimPolicy: balanced
 - commit_granule_bytes: 65536.
 - commit_granule_words: 8192.
 - virtual_space_node_default_size: 8388608.
 - enlarge_chunks_in_place: 1.
 - new_chunks_are_fully_committed: 0.
 - uncommit_free_chunks: 1.
 - use_allocation_guard: 0.
 - handle_deallocations: 1.


Internal statistics:

num_allocs_failed_limit: 6.
num_arena_births: 644.
num_arena_deaths: 14.
num_vsnodes_births: 2.
num_vsnodes_deaths: 0.
num_space_committed: 694.
num_space_uncommitted: 0.
num_chunks_returned_to_freelist: 20.
num_chunks_taken_from_freelist: 2202.
num_chunk_merges: 8.
num_chunk_splits: 1365.
num_chunks_enlarged: 789.
num_inconsistent_stats: 0.

CodeHeap 'non-profiled nmethods': size=120000Kb used=2229Kb max_used=2229Kb free=117770Kb
 bounds [0x000001b787ad0000, 0x000001b787d40000, 0x000001b78f000000]
CodeHeap 'profiled nmethods': size=120000Kb used=10643Kb max_used=10643Kb free=109357Kb
 bounds [0x000001b780000000, 0x000001b780a70000, 0x000001b787530000]
CodeHeap 'non-nmethods': size=5760Kb used=1275Kb max_used=1317Kb free=4484Kb
 bounds [0x000001b787530000, 0x000001b7877a0000, 0x000001b787ad0000]
 total_blobs=5498 nmethods=4900 adapters=511
 compilation: enabled
              stopped_count=0, restarted_count=0
 full_count=0

Compilation events (20 events):
Event: 75.138 Thread 0x000001b7feec7190 4906       3       org.eclipse.core.internal.resources.ResourceInfo::getType (8 bytes)
Event: 75.139 Thread 0x000001b7feec7190 nmethod 4906 0x000001b780a62210 code [0x000001b780a623c0, 0x000001b780a62598]
Event: 75.139 Thread 0x000001b7feec7190 4907       3       org.eclipse.core.internal.resources.Resource::isMember (65 bytes)
Event: 75.139 Thread 0x000001b7feec7190 nmethod 4907 0x000001b780a62690 code [0x000001b780a62840, 0x000001b780a62b18]
Event: 75.140 Thread 0x000001b7feec7190 4908       3       java.util.concurrent.ConcurrentHashMap$ValueIterator::<init> (12 bytes)
Event: 75.140 Thread 0x000001b7feec7190 nmethod 4908 0x000001b780a62b90 code [0x000001b780a62d20, 0x000001b780a62e68]
Event: 75.159 Thread 0x000001b7fdd44a30 nmethod 4797 0x000001b787cf5b10 code [0x000001b787cf5f20, 0x000001b787cf92b0]
Event: 75.162 Thread 0x000001b7fdd44a30 4796       4       java.lang.reflect.Modifier::isStatic (13 bytes)
Event: 75.162 Thread 0x000001b7fdd44a30 nmethod 4796 0x000001b787cfc410 code [0x000001b787cfc580, 0x000001b787cfc5d8]
Event: 75.162 Thread 0x000001b7fdd44a30 4829       4       org.eclipse.osgi.framework.eventmgr.CopyOnWriteIdentityMap$Snapshot$SnapshotIterator::hasNext (15 bytes)
Event: 75.163 Thread 0x000001b7fdd44a30 nmethod 4829 0x000001b787cfc710 code [0x000001b787cfc880, 0x000001b787cfc918]
Event: 75.163 Thread 0x000001b7fdd44a30 4792       4       java.lang.StringLatin1::indexOf (25 bytes)
Event: 75.164 Thread 0x000001b7fdd44a30 nmethod 4792 0x000001b787cfca10 code [0x000001b787cfcb80, 0x000001b787cfcd78]
Event: 76.225 Thread 0x000001b7fdd44a30 4909       4       java.util.concurrent.locks.AbstractQueuedSynchronizer::acquireShared (20 bytes)
Event: 76.231 Thread 0x000001b7fdd44a30 nmethod 4909 0x000001b787cfce90 code [0x000001b787cfd020, 0x000001b787cfd268]
Event: 76.395 Thread 0x000001b7fdd44a30 4910   !   4       org.eclipse.osgi.internal.loader.classpath.ClasspathManager::defineClass (636 bytes)
Event: 76.422 Thread 0x000001b7feec7190 4912       3       com.google.inject.spi.InjectionPoint::forInstanceMethodsAndFields (40 bytes)
Event: 76.423 Thread 0x000001b7feec7190 nmethod 4912 0x000001b780a62f10 code [0x000001b780a63140, 0x000001b780a63848]
Event: 76.424 Thread 0x000001b7feec7190 4913       3       java.lang.Class::copyFields (36 bytes)
Event: 76.425 Thread 0x000001b7feec7190 nmethod 4913 0x000001b780a63b90 code [0x000001b780a63de0, 0x000001b780a647c8]

GC Heap History (20 events):
Event: 66.917 GC heap before
{Heap before GC invocations=7 (full 1):
 PSYoungGen      total 29696K, used 25600K [0x00000000eab00000, 0x00000000ece00000, 0x0000000100000000)
  eden space 25600K, 100% used [0x00000000eab00000,0x00000000ec400000,0x00000000ec400000)
  from space 4096K, 0% used [0x00000000ec400000,0x00000000ec400000,0x00000000ec800000)
  to   space 5120K, 0% used [0x00000000ec900000,0x00000000ec900000,0x00000000ece00000)
 ParOldGen       total 68608K, used 10587K [0x00000000c0000000, 0x00000000c4300000, 0x00000000eab00000)
  object space 68608K, 15% used [0x00000000c0000000,0x00000000c0a56c48,0x00000000c4300000)
 Metaspace       used 24301K, committed 24768K, reserved 1114112K
  class space    used 2454K, committed 2624K, reserved 1048576K
}
Event: 66.923 GC heap after
{Heap after GC invocations=7 (full 1):
 PSYoungGen      total 27136K, used 1808K [0x00000000eab00000, 0x00000000ecb00000, 0x0000000100000000)
  eden space 25088K, 0% used [0x00000000eab00000,0x00000000eab00000,0x00000000ec380000)
  from space 2048K, 88% used [0x00000000ec900000,0x00000000ecac4020,0x00000000ecb00000)
  to   space 3072K, 0% used [0x00000000ec500000,0x00000000ec500000,0x00000000ec800000)
 ParOldGen       total 68608K, used 10587K [0x00000000c0000000, 0x00000000c4300000, 0x00000000eab00000)
  object space 68608K, 15% used [0x00000000c0000000,0x00000000c0a56c48,0x00000000c4300000)
 Metaspace       used 24301K, committed 24768K, reserved 1114112K
  class space    used 2454K, committed 2624K, reserved 1048576K
}
Event: 68.356 GC heap before
{Heap before GC invocations=8 (full 1):
 PSYoungGen      total 27136K, used 26896K [0x00000000eab00000, 0x00000000ecb00000, 0x0000000100000000)
  eden space 25088K, 100% used [0x00000000eab00000,0x00000000ec380000,0x00000000ec380000)
  from space 2048K, 88% used [0x00000000ec900000,0x00000000ecac4020,0x00000000ecb00000)
  to   space 3072K, 0% used [0x00000000ec500000,0x00000000ec500000,0x00000000ec800000)
 ParOldGen       total 68608K, used 10587K [0x00000000c0000000, 0x00000000c4300000, 0x00000000eab00000)
  object space 68608K, 15% used [0x00000000c0000000,0x00000000c0a56c48,0x00000000c4300000)
 Metaspace       used 27235K, committed 27968K, reserved 1114112K
  class space    used 2782K, committed 3072K, reserved 1048576K
}
Event: 68.363 GC heap after
{Heap after GC invocations=8 (full 1):
 PSYoungGen      total 27648K, used 3045K [0x00000000eab00000, 0x00000000eca00000, 0x0000000100000000)
  eden space 24576K, 0% used [0x00000000eab00000,0x00000000eab00000,0x00000000ec300000)
  from space 3072K, 99% used [0x00000000ec500000,0x00000000ec7f96d0,0x00000000ec800000)
  to   space 2048K, 0% used [0x00000000ec800000,0x00000000ec800000,0x00000000eca00000)
 ParOldGen       total 68608K, used 10806K [0x00000000c0000000, 0x00000000c4300000, 0x00000000eab00000)
  object space 68608K, 15% used [0x00000000c0000000,0x00000000c0a8d868,0x00000000c4300000)
 Metaspace       used 27235K, committed 27968K, reserved 1114112K
  class space    used 2782K, committed 3072K, reserved 1048576K
}
Event: 69.301 GC heap before
{Heap before GC invocations=9 (full 1):
 PSYoungGen      total 27648K, used 27432K [0x00000000eab00000, 0x00000000eca00000, 0x0000000100000000)
  eden space 24576K, 99% used [0x00000000eab00000,0x00000000ec2d0ae0,0x00000000ec300000)
  from space 3072K, 99% used [0x00000000ec500000,0x00000000ec7f96d0,0x00000000ec800000)
  to   space 2048K, 0% used [0x00000000ec800000,0x00000000ec800000,0x00000000eca00000)
 ParOldGen       total 68608K, used 10806K [0x00000000c0000000, 0x00000000c4300000, 0x00000000eab00000)
  object space 68608K, 15% used [0x00000000c0000000,0x00000000c0a8d868,0x00000000c4300000)
 Metaspace       used 29231K, committed 30016K, reserved 1114112K
  class space    used 2962K, committed 3264K, reserved 1048576K
}
Event: 69.307 GC heap after
{Heap after GC invocations=9 (full 1):
 PSYoungGen      total 26112K, used 2021K [0x00000000eab00000, 0x00000000ecc80000, 0x0000000100000000)
  eden space 24064K, 0% used [0x00000000eab00000,0x00000000eab00000,0x00000000ec280000)
  from space 2048K, 98% used [0x00000000ec800000,0x00000000ec9f9490,0x00000000eca00000)
  to   space 5120K, 0% used [0x00000000ec280000,0x00000000ec280000,0x00000000ec780000)
 ParOldGen       total 68608K, used 13363K [0x00000000c0000000, 0x00000000c4300000, 0x00000000eab00000)
  object space 68608K, 19% used [0x00000000c0000000,0x00000000c0d0cf68,0x00000000c4300000)
 Metaspace       used 29231K, committed 30016K, reserved 1114112K
  class space    used 2962K, committed 3264K, reserved 1048576K
}
Event: 69.851 GC heap before
{Heap before GC invocations=10 (full 1):
 PSYoungGen      total 26112K, used 26085K [0x00000000eab00000, 0x00000000ecc80000, 0x0000000100000000)
  eden space 24064K, 100% used [0x00000000eab00000,0x00000000ec280000,0x00000000ec280000)
  from space 2048K, 98% used [0x00000000ec800000,0x00000000ec9f9490,0x00000000eca00000)
  to   space 5120K, 0% used [0x00000000ec280000,0x00000000ec280000,0x00000000ec780000)
 ParOldGen       total 68608K, used 13363K [0x00000000c0000000, 0x00000000c4300000, 0x00000000eab00000)
  object space 68608K, 19% used [0x00000000c0000000,0x00000000c0d0cf68,0x00000000c4300000)
 Metaspace       used 32585K, committed 33344K, reserved 1114112K
  class space    used 3253K, committed 3584K, reserved 1048576K
}
Event: 69.855 GC heap after
{Heap after GC invocations=10 (full 1):
 PSYoungGen      total 27648K, used 3625K [0x00000000eab00000, 0x00000000eca00000, 0x0000000100000000)
  eden space 23552K, 0% used [0x00000000eab00000,0x00000000eab00000,0x00000000ec200000)
  from space 4096K, 88% used [0x00000000ec280000,0x00000000ec60a468,0x00000000ec680000)
  to   space 3584K, 0% used [0x00000000ec680000,0x00000000ec680000,0x00000000eca00000)
 ParOldGen       total 68608K, used 13860K [0x00000000c0000000, 0x00000000c4300000, 0x00000000eab00000)
  object space 68608K, 20% used [0x00000000c0000000,0x00000000c0d89380,0x00000000c4300000)
 Metaspace       used 32585K, committed 33344K, reserved 1114112K
  class space    used 3253K, committed 3584K, reserved 1048576K
}
Event: 70.122 GC heap before
{Heap before GC invocations=11 (full 1):
 PSYoungGen      total 27648K, used 27177K [0x00000000eab00000, 0x00000000eca00000, 0x0000000100000000)
  eden space 23552K, 100% used [0x00000000eab00000,0x00000000ec200000,0x00000000ec200000)
  from space 4096K, 88% used [0x00000000ec280000,0x00000000ec60a468,0x00000000ec680000)
  to   space 3584K, 0% used [0x00000000ec680000,0x00000000ec680000,0x00000000eca00000)
 ParOldGen       total 68608K, used 13860K [0x00000000c0000000, 0x00000000c4300000, 0x00000000eab00000)
  object space 68608K, 20% used [0x00000000c0000000,0x00000000c0d89380,0x00000000c4300000)
 Metaspace       used 34791K, committed 35520K, reserved 1114112K
  class space    used 3449K, committed 3776K, reserved 1048576K
}
Event: 70.127 GC heap after
{Heap after GC invocations=11 (full 1):
 PSYoungGen      total 25600K, used 2174K [0x00000000eab00000, 0x00000000ec900000, 0x0000000100000000)
  eden space 23040K, 0% used [0x00000000eab00000,0x00000000eab00000,0x00000000ec180000)
  from space 2560K, 84% used [0x00000000ec680000,0x00000000ec89fb68,0x00000000ec900000)
  to   space 3072K, 0% used [0x00000000ec300000,0x00000000ec300000,0x00000000ec600000)
 ParOldGen       total 68608K, used 15381K [0x00000000c0000000, 0x00000000c4300000, 0x00000000eab00000)
  object space 68608K, 22% used [0x00000000c0000000,0x00000000c0f05790,0x00000000c4300000)
 Metaspace       used 34791K, committed 35520K, reserved 1114112K
  class space    used 3449K, committed 3776K, reserved 1048576K
}
Event: 70.237 GC heap before
{Heap before GC invocations=12 (full 1):
 PSYoungGen      total 25600K, used 5380K [0x00000000eab00000, 0x00000000ec900000, 0x0000000100000000)
  eden space 23040K, 13% used [0x00000000eab00000,0x00000000eae21800,0x00000000ec180000)
  from space 2560K, 84% used [0x00000000ec680000,0x00000000ec89fb68,0x00000000ec900000)
  to   space 3072K, 0% used [0x00000000ec300000,0x00000000ec300000,0x00000000ec600000)
 ParOldGen       total 68608K, used 15381K [0x00000000c0000000, 0x00000000c4300000, 0x00000000eab00000)
  object space 68608K, 22% used [0x00000000c0000000,0x00000000c0f05790,0x00000000c4300000)
 Metaspace       used 35102K, committed 35840K, reserved 1114112K
  class space    used 3505K, committed 3840K, reserved 1048576K
}
Event: 70.240 GC heap after
{Heap after GC invocations=12 (full 1):
 PSYoungGen      total 23552K, used 418K [0x00000000eab00000, 0x00000000ec700000, 0x0000000100000000)
  eden space 23040K, 0% used [0x00000000eab00000,0x00000000eab00000,0x00000000ec180000)
  from space 512K, 81% used [0x00000000ec300000,0x00000000ec368a00,0x00000000ec380000)
  to   space 1536K, 0% used [0x00000000ec580000,0x00000000ec580000,0x00000000ec700000)
 ParOldGen       total 68608K, used 17524K [0x00000000c0000000, 0x00000000c4300000, 0x00000000eab00000)
  object space 68608K, 25% used [0x00000000c0000000,0x00000000c111d2f8,0x00000000c4300000)
 Metaspace       used 35102K, committed 35840K, reserved 1114112K
  class space    used 3505K, committed 3840K, reserved 1048576K
}
Event: 70.241 GC heap before
{Heap before GC invocations=13 (full 2):
 PSYoungGen      total 23552K, used 418K [0x00000000eab00000, 0x00000000ec700000, 0x0000000100000000)
  eden space 23040K, 0% used [0x00000000eab00000,0x00000000eab00000,0x00000000ec180000)
  from space 512K, 81% used [0x00000000ec300000,0x00000000ec368a00,0x00000000ec380000)
  to   space 1536K, 0% used [0x00000000ec580000,0x00000000ec580000,0x00000000ec700000)
 ParOldGen       total 68608K, used 17524K [0x00000000c0000000, 0x00000000c4300000, 0x00000000eab00000)
  object space 68608K, 25% used [0x00000000c0000000,0x00000000c111d2f8,0x00000000c4300000)
 Metaspace       used 35102K, committed 35840K, reserved 1114112K
  class space    used 3505K, committed 3840K, reserved 1048576K
}
Event: 70.319 GC heap after
{Heap after GC invocations=13 (full 2):
 PSYoungGen      total 23552K, used 0K [0x00000000eab00000, 0x00000000ec700000, 0x0000000100000000)
  eden space 23040K, 0% used [0x00000000eab00000,0x00000000eab00000,0x00000000ec180000)
  from space 512K, 0% used [0x00000000ec300000,0x00000000ec300000,0x00000000ec380000)
  to   space 1536K, 0% used [0x00000000ec580000,0x00000000ec580000,0x00000000ec700000)
 ParOldGen       total 68608K, used 15585K [0x00000000c0000000, 0x00000000c4300000, 0x00000000eab00000)
  object space 68608K, 22% used [0x00000000c0000000,0x00000000c0f38478,0x00000000c4300000)
 Metaspace       used 35089K, committed 35840K, reserved 1114112K
  class space    used 3501K, committed 3840K, reserved 1048576K
}
Event: 71.922 GC heap before
{Heap before GC invocations=14 (full 2):
 PSYoungGen      total 23552K, used 23040K [0x00000000eab00000, 0x00000000ec700000, 0x0000000100000000)
  eden space 23040K, 100% used [0x00000000eab00000,0x00000000ec180000,0x00000000ec180000)
  from space 512K, 0% used [0x00000000ec300000,0x00000000ec300000,0x00000000ec380000)
  to   space 1536K, 0% used [0x00000000ec580000,0x00000000ec580000,0x00000000ec700000)
 ParOldGen       total 68608K, used 15585K [0x00000000c0000000, 0x00000000c4300000, 0x00000000eab00000)
  object space 68608K, 22% used [0x00000000c0000000,0x00000000c0f38478,0x00000000c4300000)
 Metaspace       used 37440K, committed 38208K, reserved 1114112K
  class space    used 3758K, committed 4096K, reserved 1048576K
}
Event: 71.924 GC heap after
{Heap after GC invocations=14 (full 2):
 PSYoungGen      total 24064K, used 1251K [0x00000000eab00000, 0x00000000ec700000, 0x0000000100000000)
  eden space 22528K, 0% used [0x00000000eab00000,0x00000000eab00000,0x00000000ec100000)
  from space 1536K, 81% used [0x00000000ec580000,0x00000000ec6b8ca8,0x00000000ec700000)
  to   space 1536K, 0% used [0x00000000ec400000,0x00000000ec400000,0x00000000ec580000)
 ParOldGen       total 68608K, used 15593K [0x00000000c0000000, 0x00000000c4300000, 0x00000000eab00000)
  object space 68608K, 22% used [0x00000000c0000000,0x00000000c0f3a478,0x00000000c4300000)
 Metaspace       used 37440K, committed 38208K, reserved 1114112K
  class space    used 3758K, committed 4096K, reserved 1048576K
}
Event: 73.645 GC heap before
{Heap before GC invocations=15 (full 2):
 PSYoungGen      total 24064K, used 23779K [0x00000000eab00000, 0x00000000ec700000, 0x0000000100000000)
  eden space 22528K, 100% used [0x00000000eab00000,0x00000000ec100000,0x00000000ec100000)
  from space 1536K, 81% used [0x00000000ec580000,0x00000000ec6b8ca8,0x00000000ec700000)
  to   space 1536K, 0% used [0x00000000ec400000,0x00000000ec400000,0x00000000ec580000)
 ParOldGen       total 68608K, used 15593K [0x00000000c0000000, 0x00000000c4300000, 0x00000000eab00000)
  object space 68608K, 22% used [0x00000000c0000000,0x00000000c0f3a478,0x00000000c4300000)
 Metaspace       used 39521K, committed 40320K, reserved 1114112K
  class space    used 4021K, committed 4352K, reserved 1048576K
}
Event: 73.650 GC heap after
{Heap after GC invocations=15 (full 2):
 PSYoungGen      total 23040K, used 800K [0x00000000eab00000, 0x00000000ec600000, 0x0000000100000000)
  eden space 22016K, 0% used [0x00000000eab00000,0x00000000eab00000,0x00000000ec080000)
  from space 1024K, 78% used [0x00000000ec400000,0x00000000ec4c8000,0x00000000ec500000)
  to   space 1024K, 0% used [0x00000000ec500000,0x00000000ec500000,0x00000000ec600000)
 ParOldGen       total 68608K, used 16694K [0x00000000c0000000, 0x00000000c4300000, 0x00000000eab00000)
  object space 68608K, 24% used [0x00000000c0000000,0x00000000c104dac8,0x00000000c4300000)
 Metaspace       used 39521K, committed 40320K, reserved 1114112K
  class space    used 4021K, committed 4352K, reserved 1048576K
}
Event: 74.677 GC heap before
{Heap before GC invocations=16 (full 2):
 PSYoungGen      total 23040K, used 22816K [0x00000000eab00000, 0x00000000ec600000, 0x0000000100000000)
  eden space 22016K, 100% used [0x00000000eab00000,0x00000000ec080000,0x00000000ec080000)
  from space 1024K, 78% used [0x00000000ec400000,0x00000000ec4c8000,0x00000000ec500000)
  to   space 1024K, 0% used [0x00000000ec500000,0x00000000ec500000,0x00000000ec600000)
 ParOldGen       total 68608K, used 16694K [0x00000000c0000000, 0x00000000c4300000, 0x00000000eab00000)
  object space 68608K, 24% used [0x00000000c0000000,0x00000000c104dac8,0x00000000c4300000)
 Metaspace       used 42313K, committed 43264K, reserved 1114112K
  class space    used 4353K, committed 4736K, reserved 1048576K
}
Event: 74.679 GC heap after
{Heap after GC invocations=16 (full 2):
 PSYoungGen      total 23040K, used 1008K [0x00000000eab00000, 0x00000000ec600000, 0x0000000100000000)
  eden space 22016K, 0% used [0x00000000eab00000,0x00000000eab00000,0x00000000ec080000)
  from space 1024K, 98% used [0x00000000ec500000,0x00000000ec5fc0e8,0x00000000ec600000)
  to   space 1536K, 0% used [0x00000000ec300000,0x00000000ec300000,0x00000000ec480000)
 ParOldGen       total 68608K, used 17326K [0x00000000c0000000, 0x00000000c4300000, 0x00000000eab00000)
  object space 68608K, 25% used [0x00000000c0000000,0x00000000c10ebad8,0x00000000c4300000)
 Metaspace       used 42313K, committed 43264K, reserved 1114112K
  class space    used 4353K, committed 4736K, reserved 1048576K
}

Dll operation events (10 events):
Event: 0.024 Loaded shared library c:\Users\eyabo\.vscode\extensions\redhat.java-1.29.0-win32-x64\jre\17.0.10-win32-x86_64\bin\java.dll
Event: 0.818 Loaded shared library c:\Users\eyabo\.vscode\extensions\redhat.java-1.29.0-win32-x64\jre\17.0.10-win32-x86_64\bin\zip.dll
Event: 0.859 Loaded shared library C:\Users\eyabo\.vscode\extensions\redhat.java-1.29.0-win32-x64\jre\17.0.10-win32-x86_64\bin\instrument.dll
Event: 0.905 Loaded shared library C:\Users\eyabo\.vscode\extensions\redhat.java-1.29.0-win32-x64\jre\17.0.10-win32-x86_64\bin\net.dll
Event: 0.909 Loaded shared library C:\Users\eyabo\.vscode\extensions\redhat.java-1.29.0-win32-x64\jre\17.0.10-win32-x86_64\bin\nio.dll
Event: 1.019 Loaded shared library C:\Users\eyabo\.vscode\extensions\redhat.java-1.29.0-win32-x64\jre\17.0.10-win32-x86_64\bin\zip.dll
Event: 1.149 Loaded shared library C:\Users\eyabo\.vscode\extensions\redhat.java-1.29.0-win32-x64\jre\17.0.10-win32-x86_64\bin\jimage.dll
Event: 1.395 Loaded shared library c:\Users\eyabo\.vscode\extensions\redhat.java-1.29.0-win32-x64\jre\17.0.10-win32-x86_64\bin\verify.dll
Event: 19.132 Loaded shared library C:\Users\eyabo\AppData\Roaming\Code\User\globalStorage\redhat.java\1.29.0\config_win\org.eclipse.equinox.launcher\org.eclipse.equinox.launcher.win32.win32.x86_64_1.2.900.v20240213-1244\eclipse_11900.dll
Event: 74.131 Loaded shared library C:\Users\eyabo\AppData\Local\Temp\jna-96976698\jna7262860009386316659.dll

Deoptimization events (20 events):
Event: 72.818 Thread 0x000001b7ff8f9570 DEOPT PACKING pc=0x000001b7807f3d1e sp=0x0000006b7d1fd690
Event: 72.818 Thread 0x000001b7ff8f9570 DEOPT UNPACKING pc=0x000001b787586e43 sp=0x0000006b7d1fcb88 mode 0
Event: 72.938 Thread 0x000001b7ff8f9570 Uncommon trap: trap_request=0xffffff45 fr.pc=0x000001b787bdf364 relative=0x0000000000000524
Event: 72.938 Thread 0x000001b7ff8f9570 Uncommon trap: reason=unstable_if action=reinterpret pc=0x000001b787bdf364 method=java.util.Properties.getProperty(Ljava/lang/String;)Ljava/lang/String; @ 36 c2
Event: 72.938 Thread 0x000001b7ff8f9570 DEOPT PACKING pc=0x000001b787bdf364 sp=0x0000006b7d1fe280
Event: 72.938 Thread 0x000001b7ff8f9570 DEOPT UNPACKING pc=0x000001b7875866a3 sp=0x0000006b7d1fe238 mode 2
Event: 73.079 Thread 0x000001b7ff8f9570 DEOPT PACKING pc=0x000001b7808fb808 sp=0x0000006b7d1fb740
Event: 73.079 Thread 0x000001b7ff8f9570 DEOPT UNPACKING pc=0x000001b787586e43 sp=0x0000006b7d1fac08 mode 0
Event: 73.956 Thread 0x000001b7ff8f9570 Uncommon trap: trap_request=0xffffff45 fr.pc=0x000001b787b1c39c relative=0x000000000000069c
Event: 73.956 Thread 0x000001b7ff8f9570 Uncommon trap: reason=unstable_if action=reinterpret pc=0x000001b787b1c39c method=java.lang.String.replace(Ljava/lang/CharSequence;Ljava/lang/CharSequence;)Ljava/lang/String; @ 42 c2
Event: 73.956 Thread 0x000001b7ff8f9570 DEOPT PACKING pc=0x000001b787b1c39c sp=0x0000006b7d1fb810
Event: 73.956 Thread 0x000001b7ff8f9570 DEOPT UNPACKING pc=0x000001b7875866a3 sp=0x0000006b7d1fb7a0 mode 2
Event: 74.222 Thread 0x000001b7ff8f9570 Uncommon trap: trap_request=0xffffff45 fr.pc=0x000001b787be8ce4 relative=0x0000000000000a84
Event: 74.222 Thread 0x000001b7ff8f9570 Uncommon trap: reason=unstable_if action=reinterpret pc=0x000001b787be8ce4 method=jdk.internal.org.objectweb.asm.SymbolTable.put(Ljdk/internal/org/objectweb/asm/SymbolTable$Entry;)Ljdk/internal/org/objectweb/asm/SymbolTable$Entry; @ 13 c2
Event: 74.222 Thread 0x000001b7ff8f9570 DEOPT PACKING pc=0x000001b787be8ce4 sp=0x0000006b7d1fbbc0
Event: 74.222 Thread 0x000001b7ff8f9570 DEOPT UNPACKING pc=0x000001b7875866a3 sp=0x0000006b7d1fbb08 mode 2
Event: 74.991 Thread 0x000001b7f8ed5770 Uncommon trap: trap_request=0xffffff45 fr.pc=0x000001b787cb13fc relative=0x000000000000197c
Event: 74.991 Thread 0x000001b7f8ed5770 Uncommon trap: reason=unstable_if action=reinterpret pc=0x000001b787cb13fc method=java.util.Properties.loadConvert([CIILjava/lang/StringBuilder;)Ljava/lang/String; @ 477 c2
Event: 74.991 Thread 0x000001b7f8ed5770 DEOPT PACKING pc=0x000001b787cb13fc sp=0x0000006b7bdf9160
Event: 74.991 Thread 0x000001b7f8ed5770 DEOPT UNPACKING pc=0x000001b7875866a3 sp=0x0000006b7bdf9138 mode 2

Classes unloaded (7 events):
Event: 70.254 Thread 0x000001b7f8f8eb10 Unloading class 0x0000000100252400 'java/lang/invoke/LambdaForm$MH+0x0000000100252400'
Event: 70.254 Thread 0x000001b7f8f8eb10 Unloading class 0x0000000100252000 'java/lang/invoke/LambdaForm$MH+0x0000000100252000'
Event: 70.254 Thread 0x000001b7f8f8eb10 Unloading class 0x0000000100251c00 'java/lang/invoke/LambdaForm$MH+0x0000000100251c00'
Event: 70.254 Thread 0x000001b7f8f8eb10 Unloading class 0x0000000100251800 'java/lang/invoke/LambdaForm$MH+0x0000000100251800'
Event: 70.254 Thread 0x000001b7f8f8eb10 Unloading class 0x0000000100251400 'java/lang/invoke/LambdaForm$BMH+0x0000000100251400'
Event: 70.254 Thread 0x000001b7f8f8eb10 Unloading class 0x0000000100251000 'java/lang/invoke/LambdaForm$DMH+0x0000000100251000'
Event: 70.254 Thread 0x000001b7f8f8eb10 Unloading class 0x000000010024c400 'java/lang/invoke/LambdaForm$DMH+0x000000010024c400'

Classes redefined (0 events):
No events

Internal exceptions (20 events):
Event: 68.439 Thread 0x000001b7ff8f9570 Exception <a 'java/lang/NoSuchMethodError'{0x00000000eac389b0}: 'java.lang.Object java.lang.invoke.DirectMethodHandle$Holder.invokeSpecial(java.lang.Object, java.lang.Object, java.lang.Object, java.lang.Object, java.lang.Object, java.lang.Object, java.lang.Object, java.lang.Object, java.lang.Object, java.lang.Object, java.lang.Object, java.lang.Object, java.lang.Object, java.lang.Object)'> (0x00000000eac389b0) 
thrown [s\src\hotspot\share\interpreter\linkResolver.cpp, line 759]
Event: 68.478 Thread 0x000001b7ff8f9570 Exception <a 'java/lang/NoSuchMethodError'{0x00000000eaca1038}: static Lorg/eclipse/m2e/core/internal/lifecyclemapping/model/PluginExecutionMetadata;.<clinit>()V> (0x00000000eaca1038) 
thrown [s\src\hotspot\share\prims\jni.cpp, line 1107]
Event: 68.493 Thread 0x000001b7ff8f9570 Exception <a 'java/lang/NoSuchMethodError'{0x00000000ead02d58}: static Lorg/eclipse/m2e/core/internal/lifecyclemapping/model/PluginExecutionFilter;.<clinit>()V> (0x00000000ead02d58) 
thrown [s\src\hotspot\share\prims\jni.cpp, line 1107]
Event: 68.503 Thread 0x000001b7ff8f9570 Exception <a 'java/lang/NoSuchMethodError'{0x00000000ead3fd38}: static Lorg/eclipse/m2e/core/internal/project/registry/MavenProjectFacade$MavenProjectConfiguration;.<clinit>()V> (0x00000000ead3fd38) 
thrown [s\src\hotspot\share\prims\jni.cpp, line 1107]
Event: 69.738 Thread 0x000001b7ff8f9f90 Exception <a 'java/lang/NoSuchMethodError'{0x00000000eba718b8}: 'java.lang.Object java.lang.invoke.DirectMethodHandle$Holder.invokeSpecialIFC(java.lang.Object, java.lang.Object, java.lang.Object, java.lang.Object)'> (0x00000000eba718b8) 
thrown [s\src\hotspot\share\interpreter\linkResolver.cpp, line 759]
Event: 70.064 Thread 0x000001b7ff8f9570 Exception <a 'java/lang/NoSuchMethodError'{0x00000000ebf59228}: 'java.lang.Object java.lang.invoke.DirectMethodHandle$Holder.newInvokeSpecial(java.lang.Object, int, java.lang.Object, java.lang.Object)'> (0x00000000ebf59228) 
thrown [s\src\hotspot\share\interpreter\linkResolver.cpp, line 759]
Event: 70.171 Thread 0x000001b7ff8f9f90 Exception <a 'java/lang/NoSuchMethodError'{0x00000000eac8cb60}: 'int java.lang.invoke.DirectMethodHandle$Holder.invokeSpecialIFC(java.lang.Object, java.lang.Object, java.lang.Object, java.lang.Object, java.lang.Object)'> (0x00000000eac8cb60) 
thrown [s\src\hotspot\share\interpreter\linkResolver.cpp, line 759]
Event: 70.700 Thread 0x000001b7ff8f9570 Exception <a 'java/lang/ClassNotFoundException'{0x00000000eb744bc0}: com/sun/org/apache/xerces/internal/impl/msg/spi/DOMMessagesProvider> (0x00000000eb744bc0) 
thrown [s\src\hotspot\share\classfile\systemDictionary.cpp, line 256]
Event: 70.702 Thread 0x000001b7ff8f9f90 Exception <a 'java/lang/NoClassDefFoundError'{0x00000000eb7a6a38}: javax/enterprise/inject/Typed> (0x00000000eb7a6a38) 
thrown [s\src\hotspot\share\classfile\systemDictionary.cpp, line 245]
Event: 70.704 Thread 0x000001b7ff8f9570 Exception <a 'java/lang/ClassNotFoundException'{0x00000000eb7692f0}: com/sun/org/apache/xerces/internal/impl/msg/spi/XMLSerializerMessagesProvider> (0x00000000eb7692f0) 
thrown [s\src\hotspot\share\classfile\systemDictionary.cpp, line 256]
Event: 70.706 Thread 0x000001b7ff8f9570 Exception <a 'java/lang/ClassNotFoundException'{0x00000000eb781938}: com/sun/org/apache/xerces/internal/impl/msg/spi/XMLMessagesProvider> (0x00000000eb781938) 
thrown [s\src\hotspot\share\classfile\systemDictionary.cpp, line 256]
Event: 71.370 Thread 0x000001b7ff8f9570 Exception <a 'java/lang/NoSuchMethodError'{0x00000000ec0c6e20}: 'java.lang.Object java.lang.invoke.DirectMethodHandle$Holder.invokeStaticInit(java.lang.Object, int, int, int, int)'> (0x00000000ec0c6e20) 
thrown [s\src\hotspot\share\interpreter\linkResolver.cpp, line 759]
Event: 72.626 Thread 0x000001b7ff8f9570 Exception <a 'java/lang/NoSuchMethodError'{0x00000000eae982e0}: 'java.lang.Object java.lang.invoke.DirectMethodHandle$Holder.invokeStaticInit(java.lang.Object, java.lang.Object, int, int, int, int)'> (0x00000000eae982e0) 
thrown [s\src\hotspot\share\interpreter\linkResolver.cpp, line 759]
Event: 73.063 Thread 0x000001b7ff8f9570 Exception <a 'java/lang/ClassNotFoundException'{0x00000000eb453148}: com/sun/org/apache/xml/internal/serializer/spi/XMLEntitiesProvider> (0x00000000eb453148) 
thrown [s\src\hotspot\share\classfile\systemDictionary.cpp, line 256]
Event: 73.892 Thread 0x000001b7ff8f9570 Exception <a 'java/io/FileNotFoundException'{0x00000000eafec3a8}> (0x00000000eafec3a8) 
thrown [s\src\hotspot\share\prims\jni.cpp, line 516]
Event: 74.232 Thread 0x000001b7ff8f9570 Exception <a 'java/lang/UnsatisfiedLinkError'{0x00000000eb6ffe78}: La procédure spécifiée est introuvable.
> (0x00000000eb6ffe78) 
thrown [s\src\hotspot\share\prims\jni.cpp, line 535]
Event: 74.242 Thread 0x000001b7ff8f9570 Exception <a 'java/io/FileNotFoundException'{0x00000000eb728488}> (0x00000000eb728488) 
thrown [s\src\hotspot\share\prims\jni.cpp, line 516]
Event: 74.333 Thread 0x000001b7ff8f9570 Exception <a 'java/lang/UnsatisfiedLinkError'{0x00000000eba1dc10}: La procédure spécifiée est introuvable.
> (0x00000000eba1dc10) 
thrown [s\src\hotspot\share\prims\jni.cpp, line 535]
Event: 74.586 Thread 0x000001b7f8ed5770 Exception <a 'sun/nio/fs/WindowsException'{0x00000000ebede5c8}> (0x00000000ebede5c8) 
thrown [s\src\hotspot\share\prims\jni.cpp, line 516]
Event: 76.429 Thread 0x000001b7f8ed5770 Exception <a 'java/lang/NoSuchMethodError'{0x00000000eb492910}: 'java.lang.Object java.lang.invoke.DirectMethodHandle$Holder.invokeStatic(java.lang.Object, java.lang.Object, long, java.lang.Object)'> (0x00000000eb492910) 
thrown [s\src\hotspot\share\interpreter\linkResolver.cpp, line 759]

VM Operations (20 events):
Event: 73.061 Executing VM operation: Cleanup
Event: 73.061 Executing VM operation: Cleanup done
Event: 73.066 Executing VM operation: HandshakeAllThreads
Event: 73.066 Executing VM operation: HandshakeAllThreads done
Event: 73.309 Executing VM operation: HandshakeAllThreads
Event: 73.310 Executing VM operation: HandshakeAllThreads done
Event: 73.637 Executing VM operation: ParallelGCFailedAllocation
Event: 73.704 Executing VM operation: ParallelGCFailedAllocation done
Event: 74.159 Executing VM operation: HandshakeAllThreads
Event: 74.209 Executing VM operation: HandshakeAllThreads done
Event: 74.211 Executing VM operation: HandshakeAllThreads
Event: 74.211 Executing VM operation: HandshakeAllThreads done
Event: 74.431 Executing VM operation: HandshakeAllThreads
Event: 74.493 Executing VM operation: HandshakeAllThreads done
Event: 74.667 Executing VM operation: ParallelGCFailedAllocation
Event: 74.687 Executing VM operation: ParallelGCFailedAllocation done
Event: 74.775 Executing VM operation: HandshakeAllThreads
Event: 74.775 Executing VM operation: HandshakeAllThreads done
Event: 75.776 Executing VM operation: Cleanup
Event: 75.776 Executing VM operation: Cleanup done

Events (20 events):
Event: 74.594 loading class sun/nio/fs/WindowsFileCopy
Event: 74.594 loading class sun/nio/fs/WindowsFileCopy done
Event: 74.686 loading class java/util/concurrent/Executors$DefaultThreadFactory
Event: 74.686 loading class java/util/concurrent/Executors$DefaultThreadFactory done
Event: 74.692 loading class sun/reflect/generics/scope/ConstructorScope
Event: 74.692 loading class sun/reflect/generics/scope/ConstructorScope done
Event: 74.692 loading class sun/reflect/generics/repository/ConstructorRepository
Event: 74.692 loading class sun/reflect/generics/repository/ConstructorRepository done
Event: 74.692 loading class sun/reflect/generics/tree/VoidDescriptor
Event: 74.693 loading class sun/reflect/generics/tree/VoidDescriptor done
Event: 74.693 loading class sun/reflect/generics/tree/MethodTypeSignature
Event: 74.693 loading class sun/reflect/generics/tree/MethodTypeSignature done
Event: 74.704 loading class javax/xml/parsers/FactoryConfigurationError
Event: 74.705 loading class javax/xml/parsers/FactoryConfigurationError done
Event: 74.792 loading class java/util/concurrent/CompletionService
Event: 74.792 loading class java/util/concurrent/CompletionService done
Event: 76.418 loading class java/lang/ProcessHandle
Event: 76.419 loading class java/lang/ProcessHandle done
Event: 76.419 loading class java/lang/ProcessHandleImpl
Event: 76.420 loading class java/lang/ProcessHandleImpl done


Dynamic libraries:
0x00007ff7e83c0000 - 0x00007ff7e83ce000 	c:\Users\eyabo\.vscode\extensions\redhat.java-1.29.0-win32-x64\jre\17.0.10-win32-x86_64\bin\java.exe
0x00007ffdb6430000 - 0x00007ffdb6628000 	C:\Windows\SYSTEM32\ntdll.dll
0x00007ffdb4470000 - 0x00007ffdb452d000 	C:\Windows\System32\KERNEL32.DLL
0x00007ffdb3e30000 - 0x00007ffdb4126000 	C:\Windows\System32\KERNELBASE.dll
0x00007ffdb4180000 - 0x00007ffdb4280000 	C:\Windows\System32\ucrtbase.dll
0x00007ffd97f90000 - 0x00007ffd97fa7000 	c:\Users\eyabo\.vscode\extensions\redhat.java-1.29.0-win32-x64\jre\17.0.10-win32-x86_64\bin\jli.dll
0x00007ffdb54a0000 - 0x00007ffdb563e000 	C:\Windows\System32\USER32.dll
0x00007ffdb3ba0000 - 0x00007ffdb3bc2000 	C:\Windows\System32\win32u.dll
0x00007ffdb5640000 - 0x00007ffdb566b000 	C:\Windows\System32\GDI32.dll
0x00007ffdb4350000 - 0x00007ffdb4467000 	C:\Windows\System32\gdi32full.dll
0x00007ffdb42b0000 - 0x00007ffdb434d000 	C:\Windows\System32\msvcp_win.dll
0x00007ffd95580000 - 0x00007ffd9559b000 	c:\Users\eyabo\.vscode\extensions\redhat.java-1.29.0-win32-x64\jre\17.0.10-win32-x86_64\bin\VCRUNTIME140.dll
0x00007ffda3b90000 - 0x00007ffda3e2a000 	C:\Windows\WinSxS\amd64_microsoft.windows.common-controls_6595b64144ccf1df_6.0.19041.3636_none_60b6a03d71f818d5\COMCTL32.dll
0x00007ffdb5b60000 - 0x00007ffdb5bfe000 	C:\Windows\System32\msvcrt.dll
0x00007ffdb5350000 - 0x00007ffdb5382000 	C:\Windows\System32\IMM32.DLL
0x00007ffd9c870000 - 0x00007ffd9c87c000 	c:\Users\eyabo\.vscode\extensions\redhat.java-1.29.0-win32-x64\jre\17.0.10-win32-x86_64\bin\vcruntime140_1.dll
0x00007ffd8d830000 - 0x00007ffd8d8bd000 	c:\Users\eyabo\.vscode\extensions\redhat.java-1.29.0-win32-x64\jre\17.0.10-win32-x86_64\bin\msvcp140.dll
0x00007ffd73a50000 - 0x00007ffd746b2000 	c:\Users\eyabo\.vscode\extensions\redhat.java-1.29.0-win32-x64\jre\17.0.10-win32-x86_64\bin\server\jvm.dll
0x00007ffdb46e0000 - 0x00007ffdb4793000 	C:\Windows\System32\ADVAPI32.dll
0x00007ffdb5740000 - 0x00007ffdb57df000 	C:\Windows\System32\sechost.dll
0x00007ffdb5ce0000 - 0x00007ffdb5e06000 	C:\Windows\System32\RPCRT4.dll
0x00007ffdb4280000 - 0x00007ffdb42a7000 	C:\Windows\System32\bcrypt.dll
0x00007ffdb3950000 - 0x00007ffdb399b000 	C:\Windows\SYSTEM32\POWRPROF.dll
0x00007ffd9b090000 - 0x00007ffd9b099000 	C:\Windows\SYSTEM32\WSOCK32.dll
0x00007ffdb5670000 - 0x00007ffdb56db000 	C:\Windows\System32\WS2_32.dll
0x00007ffda33b0000 - 0x00007ffda33d7000 	C:\Windows\SYSTEM32\WINMM.dll
0x00007ffda7750000 - 0x00007ffda775a000 	C:\Windows\SYSTEM32\VERSION.dll
0x00007ffdb3930000 - 0x00007ffdb3942000 	C:\Windows\SYSTEM32\UMPDC.dll
0x00007ffdb19a0000 - 0x00007ffdb19b2000 	C:\Windows\SYSTEM32\kernel.appcore.dll
0x00007ffd99940000 - 0x00007ffd9994a000 	c:\Users\eyabo\.vscode\extensions\redhat.java-1.29.0-win32-x64\jre\17.0.10-win32-x86_64\bin\jimage.dll
0x00007ffdaf160000 - 0x00007ffdaf344000 	C:\Windows\SYSTEM32\DBGHELP.DLL
0x00007ffdaf120000 - 0x00007ffdaf154000 	C:\Windows\SYSTEM32\dbgcore.DLL
0x00007ffdb3c40000 - 0x00007ffdb3cc2000 	C:\Windows\System32\bcryptPrimitives.dll
0x00007ffd99700000 - 0x00007ffd9970e000 	c:\Users\eyabo\.vscode\extensions\redhat.java-1.29.0-win32-x64\jre\17.0.10-win32-x86_64\bin\instrument.dll
0x00007ffd953a0000 - 0x00007ffd953c5000 	c:\Users\eyabo\.vscode\extensions\redhat.java-1.29.0-win32-x64\jre\17.0.10-win32-x86_64\bin\java.dll
0x00007ffd95270000 - 0x00007ffd95288000 	c:\Users\eyabo\.vscode\extensions\redhat.java-1.29.0-win32-x64\jre\17.0.10-win32-x86_64\bin\zip.dll
0x00007ffdb4a20000 - 0x00007ffdb5165000 	C:\Windows\System32\SHELL32.dll
0x00007ffdb1ba0000 - 0x00007ffdb233c000 	C:\Windows\SYSTEM32\windows.storage.dll
0x00007ffdb57f0000 - 0x00007ffdb5b44000 	C:\Windows\System32\combase.dll
0x00007ffdb3450000 - 0x00007ffdb347e000 	C:\Windows\SYSTEM32\Wldp.dll
0x00007ffdb4950000 - 0x00007ffdb4a1d000 	C:\Windows\System32\OLEAUT32.dll
0x00007ffdb62e0000 - 0x00007ffdb638d000 	C:\Windows\System32\SHCORE.dll
0x00007ffdb6280000 - 0x00007ffdb62d5000 	C:\Windows\System32\shlwapi.dll
0x00007ffdb3a20000 - 0x00007ffdb3a45000 	C:\Windows\SYSTEM32\profapi.dll
0x00007ffd95220000 - 0x00007ffd95239000 	C:\Users\eyabo\.vscode\extensions\redhat.java-1.29.0-win32-x64\jre\17.0.10-win32-x86_64\bin\net.dll
0x00007ffdaa1f0000 - 0x00007ffdaa2fa000 	C:\Windows\SYSTEM32\WINHTTP.dll
0x00007ffdb31b0000 - 0x00007ffdb321a000 	C:\Windows\system32\mswsock.dll
0x00007ffd94e30000 - 0x00007ffd94e46000 	C:\Users\eyabo\.vscode\extensions\redhat.java-1.29.0-win32-x64\jre\17.0.10-win32-x86_64\bin\nio.dll
0x00007ffd99640000 - 0x00007ffd99650000 	c:\Users\eyabo\.vscode\extensions\redhat.java-1.29.0-win32-x64\jre\17.0.10-win32-x86_64\bin\verify.dll
0x00007ffd92850000 - 0x00007ffd9288e000 	C:\Users\eyabo\AppData\Roaming\Code\User\globalStorage\redhat.java\1.29.0\config_win\org.eclipse.equinox.launcher\org.eclipse.equinox.launcher.win32.win32.x86_64_1.2.900.v20240213-1244\eclipse_11900.dll
0x00007ffdb5170000 - 0x00007ffdb529b000 	C:\Windows\System32\ole32.dll
0x00007ffdb33b0000 - 0x00007ffdb33c8000 	C:\Windows\SYSTEM32\CRYPTSP.dll
0x00007ffdb2ae0000 - 0x00007ffdb2b14000 	C:\Windows\system32\rsaenh.dll
0x00007ffdb39a0000 - 0x00007ffdb39ce000 	C:\Windows\SYSTEM32\USERENV.dll
0x00007ffdb33a0000 - 0x00007ffdb33ac000 	C:\Windows\SYSTEM32\CRYPTBASE.dll
0x00007ffdb2ea0000 - 0x00007ffdb2edb000 	C:\Windows\SYSTEM32\IPHLPAPI.DLL
0x00007ffdb5b50000 - 0x00007ffdb5b58000 	C:\Windows\System32\NSI.dll
0x00007ffdabad0000 - 0x00007ffdabae7000 	C:\Windows\SYSTEM32\dhcpcsvc6.DLL
0x00007ffdabab0000 - 0x00007ffdabacd000 	C:\Windows\SYSTEM32\dhcpcsvc.DLL
0x00007ffdb2ee0000 - 0x00007ffdb2fab000 	C:\Windows\SYSTEM32\DNSAPI.dll
0x00007ffd91930000 - 0x00007ffd91975000 	C:\Users\eyabo\AppData\Local\Temp\jna-96976698\jna7262860009386316659.dll
0x00007ffdb5490000 - 0x00007ffdb5498000 	C:\Windows\System32\PSAPI.DLL

dbghelp: loaded successfully - version: 4.0.5 - missing functions: none
symbol engine: initialized successfully - sym options: 0x614 - pdb path: .;c:\Users\eyabo\.vscode\extensions\redhat.java-1.29.0-win32-x64\jre\17.0.10-win32-x86_64\bin;C:\Windows\SYSTEM32;C:\Windows\WinSxS\amd64_microsoft.windows.common-controls_6595b64144ccf1df_6.0.19041.3636_none_60b6a03d71f818d5;c:\Users\eyabo\.vscode\extensions\redhat.java-1.29.0-win32-x64\jre\17.0.10-win32-x86_64\bin\server;C:\Users\eyabo\AppData\Roaming\Code\User\globalStorage\redhat.java\1.29.0\config_win\org.eclipse.equinox.launcher\org.eclipse.equinox.launcher.win32.win32.x86_64_1.2.900.v20240213-1244;C:\Users\eyabo\AppData\Local\Temp\jna-96976698

VM Arguments:
jvm_args: --add-modules=ALL-SYSTEM --add-opens=java.base/java.util=ALL-UNNAMED --add-opens=java.base/java.lang=ALL-UNNAMED --add-opens=java.base/sun.nio.fs=ALL-UNNAMED -Declipse.application=org.eclipse.jdt.ls.core.id1 -Dosgi.bundles.defaultStartLevel=4 -Declipse.product=org.eclipse.jdt.ls.core.product -Djava.import.generatesMetadataFilesAtProjectRoot=false -DDetectVMInstallationsJob.disabled=true -Dfile.encoding=utf8 -XX:+UseParallelGC -XX:GCTimeRatio=4 -XX:AdaptiveSizePolicyWeight=90 -Dsun.zip.disableMemoryMapping=true -Xmx1G -Xms100m -Xlog:disable -javaagent:c:\Users\eyabo\.vscode\extensions\redhat.java-1.29.0-win32-x64\lombok\lombok-1.18.32.jar -XX:+HeapDumpOnOutOfMemoryError -XX:HeapDumpPath=c:\Users\eyabo\AppData\Roaming\Code\User\workspaceStorage\2deadda95191537f567eb3dd7e0f382e\redhat.java -Daether.dependencyCollector.impl=bf 
java_command: c:\Users\eyabo\.vscode\extensions\redhat.java-1.29.0-win32-x64\server\plugins\org.eclipse.equinox.launcher_1.6.800.v20240304-1850.jar -configuration c:\Users\eyabo\AppData\Roaming\Code\User\globalStorage\redhat.java\1.29.0\config_win -data c:\Users\eyabo\AppData\Roaming\Code\User\workspaceStorage\2deadda95191537f567eb3dd7e0f382e\redhat.java\jdt_ws --stdio
java_class_path (initial): c:\Users\eyabo\.vscode\extensions\redhat.java-1.29.0-win32-x64\server\plugins\org.eclipse.equinox.launcher_1.6.800.v20240304-1850.jar
Launcher Type: SUN_STANDARD

[Global flags]
    uintx AdaptiveSizePolicyWeight                 = 90                                        {product} {command line}
     intx CICompilerCount                          = 3                                         {product} {ergonomic}
    uintx GCTimeRatio                              = 4                                         {product} {command line}
     bool HeapDumpOnOutOfMemoryError               = true                                   {manageable} {command line}
    ccstr HeapDumpPath                             = c:\Users\eyabo\AppData\Roaming\Code\User\workspaceStorage\2deadda95191537f567eb3dd7e0f382e\redhat.java         {manageable} {command line}
   size_t InitialHeapSize                          = 104857600                                 {product} {command line}
   size_t MaxHeapSize                              = 1073741824                                {product} {command line}
   size_t MaxNewSize                               = 357564416                                 {product} {ergonomic}
   size_t MinHeapDeltaBytes                        = 524288                                    {product} {ergonomic}
   size_t MinHeapSize                              = 104857600                                 {product} {command line}
   size_t NewSize                                  = 34603008                                  {product} {ergonomic}
    uintx NonNMethodCodeHeapSize                   = 5832780                                {pd product} {ergonomic}
    uintx NonProfiledCodeHeapSize                  = 122912730                              {pd product} {ergonomic}
   size_t OldSize                                  = 70254592                                  {product} {ergonomic}
    uintx ProfiledCodeHeapSize                     = 122912730                              {pd product} {ergonomic}
    uintx ReservedCodeCacheSize                    = 251658240                              {pd product} {ergonomic}
     bool SegmentedCodeCache                       = true                                      {product} {ergonomic}
   size_t SoftMaxHeapSize                          = 1073741824                             {manageable} {ergonomic}
     bool UseCompressedClassPointers               = true                           {product lp64_product} {ergonomic}
     bool UseCompressedOops                        = true                           {product lp64_product} {ergonomic}
     bool UseLargePagesIndividualAllocation        = false                                  {pd product} {ergonomic}
     bool UseParallelGC                            = true                                      {product} {command line}

Logging:
Log output configuration:
 #0: stdout all=off uptime,level,tags
 #1: stderr all=off uptime,level,tags

Environment Variables:
PATH=C:\ProgramData\Oracle\Java\javapath;C:\oraclexe\app\oracle\product\10.2.0\server\bin;C:\Program Files (x86)\VMware\VMware Workstation\bin\;C:\Windows\system32;C:\Windows;C:\Windows\System32\Wbem;C:\Windows\System32\WindowsPowerShell\v1.0\;C:\Windows\System32\OpenSSH\;c:\matlab6p1\bin\win32;C:\xampp\php;C:\xampp\php;C:\ProgramData\ComposerSetup\bin;C:\Users\eyabo\Downloads\symfony-cli_windows_amd64;C:\Program Files (x86)\Microsoft SQL Server\160\Tools\Binn\;C:\Program Files\Microsoft SQL Server\160\Tools\Binn\;C:\Program Files\Microsoft SQL Server\Client SDK\ODBC\170\Tools\Binn\;C:\Program Files\Microsoft SQL Server\160\DTS\Binn\;C:\Program Files (x86)\Microsoft SQL Server\160\DTS\Binn\;C:\Program Files\Azure Data Studio\bin;C:\Program Files\Microsoft SQL Server\130\Tools\Binn\;C:\Program Files (x86)\Microsoft SQL Server\110\DTS\Binn\;C:\Program Files (x86)\Microsoft SQL Server\120\DTS\Binn\;C:\Program Files (x86)\Microsoft SQL Server\130\DTS\Binn\;C:\Program Files (x86)\Microsoft SQL Server\140\DTS\Binn\;C:\Program Files (x86)\Microsoft SQL Server\150\DTS\Binn\;C:\Program Files\Git\cmd;C:\Program Files\nodejs\;C:\ProgramData\chocolatey\bin;C:\Users\eyabo\AppData\Local\Programs\Python\Launcher\;C:\Users\eyabo\AppData\Local\Microsoft\WindowsApps;;C:\Users\eyabo\AppData\Local\Programs\Microsoft VS Code\bin;C:\Users\eyabo\OneDrive\Desktop\python\Sign-Language-Alphabet-detection-main\PyCharm 2023.3.2\bin;;C:\Users\eyabo\AppData\Roaming\Composer\vendor\bin;C:\Program Files\Azure Data Studio\bin;C:\Users\eyabo\AppData\Roaming\npm
USERNAME=eyabo
OS=Windows_NT
PROCESSOR_IDENTIFIER=Intel64 Family 6 Model 61 Stepping 4, GenuineIntel
TMP=C:\Users\eyabo\AppData\Local\Temp
TEMP=C:\Users\eyabo\AppData\Local\Temp



Periodic native trim disabled


---------------  S Y S T E M  ---------------

OS:
 Windows 10 , 64 bit Build 19041 (10.0.19041.3636)
OS uptime: 0 days 12:11 hours

CPU: total 4 (initial active 4) (2 cores per cpu, 2 threads per core) family 6 model 61 stepping 4 microcode 0x2d, cx8, cmov, fxsr, ht, mmx, 3dnowpref, sse, sse2, sse3, ssse3, sse4.1, sse4.2, popcnt, lzcnt, tsc, tscinvbit, avx, avx2, aes, erms, clmul, bmi1, bmi2, adx, fma, vzeroupper, clflush
Processor Information for all 4 processors :
  Max Mhz: 2000, Current Mhz: 2000, Mhz Limit: 2000

Memory: 4k page, system-wide physical 3514M (106M free)
TotalPageFile size 14266M (AvailPageFile size 4M)
current process WorkingSet (physical memory assigned to process): 165M, peak: 174M
current process commit charge ("private bytes"): 256M, peak: 259M

vm_info: OpenJDK 64-Bit Server VM (17.0.10+7) for windows-amd64 JRE (17.0.10+7), built on Jan 16 2024 23:25:11 by "admin" with MS VC++ 16.10 / 16.11 (VS2019)

END.
